# JRE version: 7.0_13-b20
# Java VM: Java HotSpot(TM) Client VM (23.7-b01 mixed mode, sharing windows-x86 )
Heap
 def new generation   total 16704K, used 6866K [0x27010000, 0x28230000, 0x2c560000)
  eden space 14848K,  46% used [0x27010000, 0x276c4b98, 0x27e90000)
  from space 1856K,   0% used [0x27e90000, 0x27e90000, 0x28060000)
  to   space 1856K,   0% used [0x28060000, 0x28060000, 0x28230000)
 tenured generation   total 36988K, used 22190K [0x2c560000, 0x2e97f000, 0x37010000)
   the space 36988K,  59% used [0x2c560000, 0x2db0ba00, 0x2db0ba00, 0x2e97f000)
 compacting perm gen  total 12288K, used 3733K [0x37010000, 0x37c10000, 0x3b010000)
   the space 12288K,  30% used [0x37010000, 0x373b5770, 0x373b5800, 0x37c10000)
    ro space 10240K,  45% used [0x3b010000, 0x3b496fa8, 0x3b497000, 0x3ba10000)
    rw space 12288K,  54% used [0x3ba10000, 0x3c09a9a0, 0x3c09aa00, 0x3c610000)
GC Heap History (10 events):
Event: 5.699 GC heap before
{Heap before GC invocations=3 (full 0):
 def new generation   total 4928K, used 4449K [0x27010000, 0x27560000, 0x2c560000)
  eden space 4416K, 100% used [0x27010000, 0x27460000, 0x27460000)
  from space 512K,   6% used [0x274e0000, 0x274e8560, 0x27560000)
  to   space 512K,   0% used [0x27460000, 0x27460000, 0x274e0000)
 tenured generation   total 10944K, used 6759K [0x2c560000, 0x2d010000, 0x37010000)
   the space 10944K,  61% used [0x2c560000, 0x2cbf9c40, 0x2cbf9e00, 0x2d010000)
 compacting perm gen  total 12288K, used 3063K [0x37010000, 0x37c10000, 0x3b010000)
   the space 12288K,  24% used [0x37010000, 0x3730dcb8, 0x3730de00, 0x37c10000)
    ro space 10240K,  45% used [0x3b010000, 0x3b496fa8, 0x3b497000, 0x3ba10000)
    rw space 12288K,  54% used [0x3ba10000, 0x3c09a9a0, 0x3c09aa00, 0x3c610000)
Event: 5.707 GC heap after
Heap after GC invocations=4 (full 0):
 def new generation   total 4928K, used 512K [0x27010000, 0x27560000, 0x2c560000)
  eden space 4416K,   0% used [0x27010000, 0x27010000, 0x27460000)
  from space 512K, 100% used [0x27460000, 0x274e0000, 0x274e0000)
  to   space 512K,   0% used [0x274e0000, 0x274e0000, 0x27560000)
 tenured generation   total 10944K, used 7765K [0x2c560000, 0x2d010000, 0x37010000)
   the space 10944K,  70% used [0x2c560000, 0x2ccf5490, 0x2ccf5600, 0x2d010000)
 compacting perm gen  total 12288K, used 3063K [0x37010000, 0x37c10000, 0x3b010000)
   the space 12288K,  24% used [0x37010000, 0x3730dcb8, 0x3730de00, 0x37c10000)
    ro space 10240K,  45% used [0x3b010000, 0x3b496fa8, 0x3b497000, 0x3ba10000)
    rw space 12288K,  54% used [0x3ba10000, 0x3c09a9a0, 0x3c09aa00, 0x3c610000)
}
Event: 6.899 GC heap before
{Heap before GC invocations=4 (full 0):
 def new generation   total 4928K, used 4928K [0x27010000, 0x27560000, 0x2c560000)
  eden space 4416K, 100% used [0x27010000, 0x27460000, 0x27460000)
  from space 512K, 100% used [0x27460000, 0x274e0000, 0x274e0000)
  to   space 512K,   0% used [0x274e0000, 0x274e0000, 0x27560000)
 tenured generation   total 10944K, used 7765K [0x2c560000, 0x2d010000, 0x37010000)
   the space 10944K,  70% used [0x2c560000, 0x2ccf5490, 0x2ccf5600, 0x2d010000)
 compacting perm gen  total 12288K, used 3644K [0x37010000, 0x37c10000, 0x3b010000)
   the space 12288K,  29% used [0x37010000, 0x3739f3f0, 0x3739f400, 0x37c10000)
    ro space 10240K,  45% used [0x3b010000, 0x3b496fa8, 0x3b497000, 0x3ba10000)
    rw space 12288K,  54% used [0x3ba10000, 0x3c09a9a0, 0x3c09aa00, 0x3c610000)
Event: 6.908 GC heap after
Heap after GC invocations=5 (full 0):
 def new generation   total 4928K, used 512K [0x27010000, 0x27560000, 0x2c560000)
  eden space 4416K,   0% used [0x27010000, 0x27010000, 0x27460000)
  from space 512K, 100% used [0x274e0000, 0x27560000, 0x27560000)
  to   space 512K,   0% used [0x27460000, 0x27460000, 0x274e0000)
 tenured generation   total 10944K, used 8859K [0x2c560000, 0x2d010000, 0x37010000)
   the space 10944K,  80% used [0x2c560000, 0x2ce06e68, 0x2ce07000, 0x2d010000)
 compacting perm gen  total 12288K, used 3644K [0x37010000, 0x37c10000, 0x3b010000)
   the space 12288K,  29% used [0x37010000, 0x3739f3f0, 0x3739f400, 0x37c10000)
    ro space 10240K,  45% used [0x3b010000, 0x3b496fa8, 0x3b497000, 0x3ba10000)
    rw space 12288K,  54% used [0x3ba10000, 0x3c09a9a0, 0x3c09aa00, 0x3c610000)
}
Event: 7.931 GC heap before
{Heap before GC invocations=5 (full 0):
 def new generation   total 4928K, used 3887K [0x27010000, 0x27560000, 0x2c560000)
  eden space 4416K,  76% used [0x27010000, 0x2735be78, 0x27460000)
  from space 512K, 100% used [0x274e0000, 0x27560000, 0x27560000)
  to   space 512K,   0% used [0x27460000, 0x27460000, 0x274e0000)
 tenured generation   total 10944K, used 8859K [0x2c560000, 0x2d010000, 0x37010000)
   the space 10944K,  80% used [0x2c560000, 0x2ce06e68, 0x2ce07000, 0x2d010000)
 compacting perm gen  total 12288K, used 3652K [0x37010000, 0x37c10000, 0x3b010000)
   the space 12288K,  29% used [0x37010000, 0x373a11d8, 0x373a1200, 0x37c10000)
    ro space 10240K,  45% used [0x3b010000, 0x3b496fa8, 0x3b497000, 0x3ba10000)
    rw space 12288K,  54% used [0x3ba10000, 0x3c09a9a0, 0x3c09aa00, 0x3c610000)
Event: 7.975 GC heap after
Heap after GC invocations=6 (full 1):
 def new generation   total 7936K, used 0K [0x27010000, 0x278a0000, 0x2c560000)
  eden space 7104K,   0% used [0x27010000, 0x27010000, 0x27700000)
  from space 832K,   0% used [0x27700000, 0x27700000, 0x277d0000)
  to   space 832K,   0% used [0x277d0000, 0x277d0000, 0x278a0000)
 tenured generation   total 17412K, used 10446K [0x2c560000, 0x2d661000, 0x37010000)
   the space 17412K,  59% used [0x2c560000, 0x2cf93810, 0x2cf93a00, 0x2d661000)
 compacting perm gen  total 12288K, used 3652K [0x37010000, 0x37c10000, 0x3b010000)
   the space 12288K,  29% used [0x37010000, 0x373a11d8, 0x373a1200, 0x37c10000)
    ro space 10240K,  45% used [0x3b010000, 0x3b496fa8, 0x3b497000, 0x3ba10000)
    rw space 12288K,  54% used [0x3ba10000, 0x3c09a9a0, 0x3c09aa00, 0x3c610000)
}
Event: 8.066 GC heap before
{Heap before GC invocations=6 (full 1):
 def new generation   total 7936K, used 6699K [0x27010000, 0x278a0000, 0x2c560000)
  eden space 7104K,  94% used [0x27010000, 0x2769afc0, 0x27700000)
  from space 832K,   0% used [0x27700000, 0x27700000, 0x277d0000)
  to   space 832K,   0% used [0x277d0000, 0x277d0000, 0x278a0000)
 tenured generation   total 17412K, used 10446K [0x2c560000, 0x2d661000, 0x37010000)
   the space 17412K,  59% used [0x2c560000, 0x2cf93810, 0x2cf93a00, 0x2d661000)
 compacting perm gen  total 12288K, used 3652K [0x37010000, 0x37c10000, 0x3b010000)
   the space 12288K,  29% used [0x37010000, 0x373a11d8, 0x373a1200, 0x37c10000)
    ro space 10240K,  45% used [0x3b010000, 0x3b496fa8, 0x3b497000, 0x3ba10000)
    rw space 12288K,  54% used [0x3ba10000, 0x3c09a9a0, 0x3c09aa00, 0x3c610000)
Event: 8.072 GC heap after
Heap after GC invocations=7 (full 1):
 def new generation   total 7936K, used 600K [0x27010000, 0x278a0000, 0x2c560000)
  eden space 7104K,   0% used [0x27010000, 0x27010000, 0x27700000)
  from space 832K,  72% used [0x277d0000, 0x278660a8, 0x278a0000)
  to   space 832K,   0% used [0x27700000, 0x27700000, 0x277d0000)
 tenured generation   total 17412K, used 16446K [0x2c560000, 0x2d661000, 0x37010000)
   the space 17412K,  94% used [0x2c560000, 0x2d56f870, 0x2d56fa00, 0x2d661000)
 compacting perm gen  total 12288K, used 3652K [0x37010000, 0x37c10000, 0x3b010000)
   the space 12288K,  29% used [0x37010000, 0x373a11d8, 0x373a1200, 0x37c10000)
    ro space 10240K,  45% used [0x3b010000, 0x3b496fa8, 0x3b497000, 0x3ba10000)
    rw space 12288K,  54% used [0x3ba10000, 0x3c09a9a0, 0x3c09aa00, 0x3c610000)
}
Event: 9.923 GC heap before
{Heap before GC invocations=7 (full 1):
 def new generation   total 7936K, used 7704K [0x27010000, 0x278a0000, 0x2c560000)
  eden space 7104K, 100% used [0x27010000, 0x27700000, 0x27700000)
  from space 832K,  72% used [0x277d0000, 0x278660a8, 0x278a0000)
  to   space 832K,   0% used [0x27700000, 0x27700000, 0x277d0000)
 tenured generation   total 17412K, used 16446K [0x2c560000, 0x2d661000, 0x37010000)
   the space 17412K,  94% used [0x2c560000, 0x2d56f870, 0x2d56fa00, 0x2d661000)
 compacting perm gen  total 12288K, used 3721K [0x37010000, 0x37c10000, 0x3b010000)
   the space 12288K,  30% used [0x37010000, 0x373b2660, 0x373b2800, 0x37c10000)
    ro space 10240K,  45% used [0x3b010000, 0x3b496fa8, 0x3b497000, 0x3ba10000)
    rw space 12288K,  54% used [0x3ba10000, 0x3c09a9a0, 0x3c09aa00, 0x3c610000)
Event: 9.951 GC heap after
Heap after GC invocations=8 (full 2):
 def new generation   total 16704K, used 0K [0x27010000, 0x28230000, 0x2c560000)
  eden space 14848K,   0% used [0x27010000, 0x27010000, 0x27e90000)
  from space 1856K,   0% used [0x27e90000, 0x27e90000, 0x28060000)
  to   space 1856K,   0% used [0x28060000, 0x28060000, 0x28230000)
 tenured generation   total 36988K, used 22190K [0x2c560000, 0x2e97f000, 0x37010000)
   the space 36988K,  59% used [0x2c560000, 0x2db0ba00, 0x2db0ba00, 0x2e97f000)
 compacting perm gen  total 12288K, used 3721K [0x37010000, 0x37c10000, 0x3b010000)
   the space 12288K,  30% used [0x37010000, 0x373b2660, 0x373b2800, 0x37c10000)
    ro space 10240K,  45% used [0x3b010000, 0x3b496fa8, 0x3b497000, 0x3ba10000)
    rw space 12288K,  54% used [0x3ba10000, 0x3c09a9a0, 0x3c09aa00, 0x3c610000)
}

