# JRE version: 7.0_13-b20
# Java VM: Java HotSpot(TM) Client VM (23.7-b01 mixed mode, sharing windows-x86 )
Heap
 def new generation   total 6528K, used 5533K [0x27010000, 0x27720000, 0x2c560000)
  eden space 5824K,  84% used [0x27010000, 0x274e0678, 0x275c0000)
  from space 704K,  85% used [0x27670000, 0x27706e70, 0x27720000)
  to   space 704K,   0% used [0x275c0000, 0x275c0000, 0x27670000)
 tenured generation   total 14332K, used 13397K [0x2c560000, 0x2d35f000, 0x37010000)
   the space 14332K,  93% used [0x2c560000, 0x2d275678, 0x2d275800, 0x2d35f000)
 compacting perm gen  total 12288K, used 3489K [0x37010000, 0x37c10000, 0x3b010000)
   the space 12288K,  28% used [0x37010000, 0x37378708, 0x37378800, 0x37c10000)
    ro space 10240K,  45% used [0x3b010000, 0x3b496fa8, 0x3b497000, 0x3ba10000)
    rw space 12288K,  54% used [0x3ba10000, 0x3c09a9a0, 0x3c09aa00, 0x3c610000)
GC Heap History (10 events):
Event: 1.824 GC heap before
{Heap before GC invocations=2 (full 0):
 def new generation   total 4928K, used 4885K [0x27010000, 0x27560000, 0x2c560000)
  eden space 4416K, 100% used [0x27010000, 0x27460000, 0x27460000)
  from space 512K,  91% used [0x27460000, 0x274d57a0, 0x274e0000)
  to   space 512K,   0% used [0x274e0000, 0x274e0000, 0x27560000)
 tenured generation   total 10944K, used 2331K [0x2c560000, 0x2d010000, 0x37010000)
   the space 10944K,  21% used [0x2c560000, 0x2c7a6e68, 0x2c7a7000, 0x2d010000)
 compacting perm gen  total 12288K, used 2272K [0x37010000, 0x37c10000, 0x3b010000)
   the space 12288K,  18% used [0x37010000, 0x37248398, 0x37248400, 0x37c10000)
    ro space 10240K,  45% used [0x3b010000, 0x3b496fa8, 0x3b497000, 0x3ba10000)
    rw space 12288K,  54% used [0x3ba10000, 0x3c09a9a0, 0x3c09aa00, 0x3c610000)
Event: 1.828 GC heap after
Heap after GC invocations=3 (full 0):
 def new generation   total 4928K, used 33K [0x27010000, 0x27560000, 0x2c560000)
  eden space 4416K,   0% used [0x27010000, 0x27010000, 0x27460000)
  from space 512K,   6% used [0x274e0000, 0x274e86c0, 0x27560000)
  to   space 512K,   0% used [0x27460000, 0x27460000, 0x274e0000)
 tenured generation   total 10944K, used 6566K [0x2c560000, 0x2d010000, 0x37010000)
   the space 10944K,  59% used [0x2c560000, 0x2cbc9980, 0x2cbc9a00, 0x2d010000)
 compacting perm gen  total 12288K, used 2272K [0x37010000, 0x37c10000, 0x3b010000)
   the space 12288K,  18% used [0x37010000, 0x37248398, 0x37248400, 0x37c10000)
    ro space 10240K,  45% used [0x3b010000, 0x3b496fa8, 0x3b497000, 0x3ba10000)
    rw space 12288K,  54% used [0x3ba10000, 0x3c09a9a0, 0x3c09aa00, 0x3c610000)
}
Event: 5.369 GC heap before
{Heap before GC invocations=3 (full 0):
 def new generation   total 4928K, used 4185K [0x27010000, 0x27560000, 0x2c560000)
  eden space 4416K,  94% used [0x27010000, 0x2741e110, 0x27460000)
  from space 512K,   6% used [0x274e0000, 0x274e86c0, 0x27560000)
  to   space 512K,   0% used [0x27460000, 0x27460000, 0x274e0000)
 tenured generation   total 10944K, used 6566K [0x2c560000, 0x2d010000, 0x37010000)
   the space 10944K,  59% used [0x2c560000, 0x2cbc9980, 0x2cbc9a00, 0x2d010000)
 compacting perm gen  total 12288K, used 2813K [0x37010000, 0x37c10000, 0x3b010000)
   the space 12288K,  22% used [0x37010000, 0x372cf620, 0x372cf800, 0x37c10000)
    ro space 10240K,  45% used [0x3b010000, 0x3b496fa8, 0x3b497000, 0x3ba10000)
    rw space 12288K,  54% used [0x3ba10000, 0x3c09a9a0, 0x3c09aa00, 0x3c610000)
Event: 5.376 GC heap after
Heap after GC invocations=4 (full 0):
 def new generation   total 4928K, used 512K [0x27010000, 0x27560000, 0x2c560000)
  eden space 4416K,   0% used [0x27010000, 0x27010000, 0x27460000)
  from space 512K, 100% used [0x27460000, 0x274e0000, 0x274e0000)
  to   space 512K,   0% used [0x274e0000, 0x274e0000, 0x27560000)
 tenured generation   total 10944K, used 7042K [0x2c560000, 0x2d010000, 0x37010000)
   the space 10944K,  64% used [0x2c560000, 0x2cc40920, 0x2cc40a00, 0x2d010000)
 compacting perm gen  total 12288K, used 2813K [0x37010000, 0x37c10000, 0x3b010000)
   the space 12288K,  22% used [0x37010000, 0x372cf620, 0x372cf800, 0x37c10000)
    ro space 10240K,  45% used [0x3b010000, 0x3b496fa8, 0x3b497000, 0x3ba10000)
    rw space 12288K,  54% used [0x3ba10000, 0x3c09a9a0, 0x3c09aa00, 0x3c610000)
}
Event: 5.624 GC heap before
{Heap before GC invocations=4 (full 0):
 def new generation   total 4928K, used 4928K [0x27010000, 0x27560000, 0x2c560000)
  eden space 4416K, 100% used [0x27010000, 0x27460000, 0x27460000)
  from space 512K, 100% used [0x27460000, 0x274e0000, 0x274e0000)
  to   space 512K,   0% used [0x274e0000, 0x274e0000, 0x27560000)
 tenured generation   total 10944K, used 7042K [0x2c560000, 0x2d010000, 0x37010000)
   the space 10944K,  64% used [0x2c560000, 0x2cc40920, 0x2cc40a00, 0x2d010000)
 compacting perm gen  total 12288K, used 3439K [0x37010000, 0x37c10000, 0x3b010000)
   the space 12288K,  27% used [0x37010000, 0x3736bf80, 0x3736c000, 0x37c10000)
    ro space 10240K,  45% used [0x3b010000, 0x3b496fa8, 0x3b497000, 0x3ba10000)
    rw space 12288K,  54% used [0x3ba10000, 0x3c09a9a0, 0x3c09aa00, 0x3c610000)
Event: 5.628 GC heap after
Heap after GC invocations=5 (full 0):
 def new generation   total 4928K, used 511K [0x27010000, 0x27560000, 0x2c560000)
  eden space 4416K,   0% used [0x27010000, 0x27010000, 0x27460000)
  from space 512K,  99% used [0x274e0000, 0x2755fff8, 0x27560000)
  to   space 512K,   0% used [0x27460000, 0x27460000, 0x274e0000)
 tenured generation   total 10944K, used 8665K [0x2c560000, 0x2d010000, 0x37010000)
   the space 10944K,  79% used [0x2c560000, 0x2cdd6470, 0x2cdd6600, 0x2d010000)
 compacting perm gen  total 12288K, used 3439K [0x37010000, 0x37c10000, 0x3b010000)
   the space 12288K,  27% used [0x37010000, 0x3736bf80, 0x3736c000, 0x37c10000)
    ro space 10240K,  45% used [0x3b010000, 0x3b496fa8, 0x3b497000, 0x3ba10000)
    rw space 12288K,  54% used [0x3ba10000, 0x3c09a9a0, 0x3c09aa00, 0x3c610000)
}
Event: 50.960 GC heap before
{Heap before GC invocations=5 (full 0):
 def new generation   total 4928K, used 4556K [0x27010000, 0x27560000, 0x2c560000)
  eden space 4416K,  91% used [0x27010000, 0x27403360, 0x27460000)
  from space 512K,  99% used [0x274e0000, 0x2755fff8, 0x27560000)
  to   space 512K,   0% used [0x27460000, 0x27460000, 0x274e0000)
 tenured generation   total 10944K, used 8665K [0x2c560000, 0x2d010000, 0x37010000)
   the space 10944K,  79% used [0x2c560000, 0x2cdd6470, 0x2cdd6600, 0x2d010000)
 compacting perm gen  total 12288K, used 3486K [0x37010000, 0x37c10000, 0x3b010000)
   the space 12288K,  28% used [0x37010000, 0x37377958, 0x37377a00, 0x37c10000)
    ro space 10240K,  45% used [0x3b010000, 0x3b496fa8, 0x3b497000, 0x3ba10000)
    rw space 12288K,  54% used [0x3ba10000, 0x3c09a9a0, 0x3c09aa00, 0x3c610000)
Event: 50.998 GC heap after
Heap after GC invocations=6 (full 1):
 def new generation   total 6528K, used 0K [0x27010000, 0x27720000, 0x2c560000)
  eden space 5824K,   0% used [0x27010000, 0x27010000, 0x275c0000)
  from space 704K,   0% used [0x275c0000, 0x275c0000, 0x27670000)
  to   space 704K,   0% used [0x27670000, 0x27670000, 0x27720000)
 tenured generation   total 14332K, used 8597K [0x2c560000, 0x2d35f000, 0x37010000)
   the space 14332K,  59% used [0x2c560000, 0x2cdc5628, 0x2cdc5800, 0x2d35f000)
 compacting perm gen  total 12288K, used 3486K [0x37010000, 0x37c10000, 0x3b010000)
   the space 12288K,  28% used [0x37010000, 0x37377958, 0x37377a00, 0x37c10000)
    ro space 10240K,  45% used [0x3b010000, 0x3b496fa8, 0x3b497000, 0x3ba10000)
    rw space 12288K,  54% used [0x3ba10000, 0x3c09a9a0, 0x3c09aa00, 0x3c610000)
}
Event: 51.058 GC heap before
{Heap before GC invocations=6 (full 1):
 def new generation   total 6528K, used 5459K [0x27010000, 0x27720000, 0x2c560000)
  eden space 5824K,  93% used [0x27010000, 0x27564ea8, 0x275c0000)
  from space 704K,   0% used [0x275c0000, 0x275c0000, 0x27670000)
  to   space 704K,   0% used [0x27670000, 0x27670000, 0x27720000)
 tenured generation   total 14332K, used 8597K [0x2c560000, 0x2d35f000, 0x37010000)
   the space 14332K,  59% used [0x2c560000, 0x2cdc5628, 0x2cdc5800, 0x2d35f000)
 compacting perm gen  total 12288K, used 3489K [0x37010000, 0x37c10000, 0x3b010000)
   the space 12288K,  28% used [0x37010000, 0x37378588, 0x37378600, 0x37c10000)
    ro space 10240K,  45% used [0x3b010000, 0x3b496fa8, 0x3b497000, 0x3ba10000)
    rw space 12288K,  54% used [0x3ba10000, 0x3c09a9a0, 0x3c09aa00, 0x3c610000)
Event: 51.062 GC heap after
Heap after GC invocations=7 (full 1):
 def new generation   total 6528K, used 603K [0x27010000, 0x27720000, 0x2c560000)
  eden space 5824K,   0% used [0x27010000, 0x27010000, 0x275c0000)
  from space 704K,  85% used [0x27670000, 0x27706e70, 0x27720000)
  to   space 704K,   0% used [0x275c0000, 0x275c0000, 0x27670000)
 tenured generation   total 14332K, used 13397K [0x2c560000, 0x2d35f000, 0x37010000)
   the space 14332K,  93% used [0x2c560000, 0x2d275678, 0x2d275800, 0x2d35f000)
 compacting perm gen  total 12288K, used 3489K [0x37010000, 0x37c10000, 0x3b010000)
   the space 12288K,  28% used [0x37010000, 0x37378588, 0x37378600, 0x37c10000)
    ro space 10240K,  45% used [0x3b010000, 0x3b496fa8, 0x3b497000, 0x3ba10000)
    rw space 12288K,  54% used [0x3ba10000, 0x3c09a9a0, 0x3c09aa00, 0x3c610000)
}

