# JRE version: 7.0_13-b20
# Java VM: Java HotSpot(TM) Client VM (23.7-b01 mixed mode, sharing windows-x86 )
Heap
 def new generation   total 9216K, used 8030K [0x27010000, 0x27a00000, 0x2c560000)
  eden space 8256K,  89% used [0x27010000, 0x27751480, 0x27820000)
  from space 960K,  62% used [0x27910000, 0x279a6768, 0x27a00000)
  to   space 960K,   0% used [0x27820000, 0x27820000, 0x27910000)
 tenured generation   total 20224K, used 19332K [0x2c560000, 0x2d920000, 0x37010000)
   the space 20224K,  95% used [0x2c560000, 0x2d841330, 0x2d841400, 0x2d920000)
 compacting perm gen  total 12288K, used 3724K [0x37010000, 0x37c10000, 0x3b010000)
   the space 12288K,  30% used [0x37010000, 0x373b30b8, 0x373b3200, 0x37c10000)
    ro space 10240K,  45% used [0x3b010000, 0x3b496fa8, 0x3b497000, 0x3ba10000)
    rw space 12288K,  54% used [0x3ba10000, 0x3c09a9a0, 0x3c09aa00, 0x3c610000)
GC Heap History (10 events):
Event: 5.685 GC heap before
{Heap before GC invocations=3 (full 0):
 def new generation   total 4928K, used 4450K [0x27010000, 0x27560000, 0x2c560000)
  eden space 4416K, 100% used [0x27010000, 0x27460000, 0x27460000)
  from space 512K,   6% used [0x274e0000, 0x274e8920, 0x27560000)
  to   space 512K,   0% used [0x27460000, 0x27460000, 0x274e0000)
 tenured generation   total 10944K, used 6775K [0x2c560000, 0x2d010000, 0x37010000)
   the space 10944K,  61% used [0x2c560000, 0x2cbfdfb8, 0x2cbfe000, 0x2d010000)
 compacting perm gen  total 12288K, used 3065K [0x37010000, 0x37c10000, 0x3b010000)
   the space 12288K,  24% used [0x37010000, 0x3730e6d0, 0x3730e800, 0x37c10000)
    ro space 10240K,  45% used [0x3b010000, 0x3b496fa8, 0x3b497000, 0x3ba10000)
    rw space 12288K,  54% used [0x3ba10000, 0x3c09a9a0, 0x3c09aa00, 0x3c610000)
Event: 5.694 GC heap after
Heap after GC invocations=4 (full 0):
 def new generation   total 4928K, used 512K [0x27010000, 0x27560000, 0x2c560000)
  eden space 4416K,   0% used [0x27010000, 0x27010000, 0x27460000)
  from space 512K, 100% used [0x27460000, 0x274e0000, 0x274e0000)
  to   space 512K,   0% used [0x274e0000, 0x274e0000, 0x27560000)
 tenured generation   total 10944K, used 7775K [0x2c560000, 0x2d010000, 0x37010000)
   the space 10944K,  71% used [0x2c560000, 0x2ccf7e28, 0x2ccf8000, 0x2d010000)
 compacting perm gen  total 12288K, used 3065K [0x37010000, 0x37c10000, 0x3b010000)
   the space 12288K,  24% used [0x37010000, 0x3730e6d0, 0x3730e800, 0x37c10000)
    ro space 10240K,  45% used [0x3b010000, 0x3b496fa8, 0x3b497000, 0x3ba10000)
    rw space 12288K,  54% used [0x3ba10000, 0x3c09a9a0, 0x3c09aa00, 0x3c610000)
}
Event: 6.911 GC heap before
{Heap before GC invocations=4 (full 0):
 def new generation   total 4928K, used 4928K [0x27010000, 0x27560000, 0x2c560000)
  eden space 4416K, 100% used [0x27010000, 0x27460000, 0x27460000)
  from space 512K, 100% used [0x27460000, 0x274e0000, 0x274e0000)
  to   space 512K,   0% used [0x274e0000, 0x274e0000, 0x27560000)
 tenured generation   total 10944K, used 7775K [0x2c560000, 0x2d010000, 0x37010000)
   the space 10944K,  71% used [0x2c560000, 0x2ccf7e28, 0x2ccf8000, 0x2d010000)
 compacting perm gen  total 12288K, used 3644K [0x37010000, 0x37c10000, 0x3b010000)
   the space 12288K,  29% used [0x37010000, 0x3739f310, 0x3739f400, 0x37c10000)
    ro space 10240K,  45% used [0x3b010000, 0x3b496fa8, 0x3b497000, 0x3ba10000)
    rw space 12288K,  54% used [0x3ba10000, 0x3c09a9a0, 0x3c09aa00, 0x3c610000)
Event: 6.919 GC heap after
Heap after GC invocations=5 (full 0):
 def new generation   total 4928K, used 512K [0x27010000, 0x27560000, 0x2c560000)
  eden space 4416K,   0% used [0x27010000, 0x27010000, 0x27460000)
  from space 512K, 100% used [0x274e0000, 0x27560000, 0x27560000)
  to   space 512K,   0% used [0x27460000, 0x27460000, 0x274e0000)
 tenured generation   total 10944K, used 8867K [0x2c560000, 0x2d010000, 0x37010000)
   the space 10944K,  81% used [0x2c560000, 0x2ce08dc0, 0x2ce08e00, 0x2d010000)
 compacting perm gen  total 12288K, used 3644K [0x37010000, 0x37c10000, 0x3b010000)
   the space 12288K,  29% used [0x37010000, 0x3739f310, 0x3739f400, 0x37c10000)
    ro space 10240K,  45% used [0x3b010000, 0x3b496fa8, 0x3b497000, 0x3ba10000)
    rw space 12288K,  54% used [0x3ba10000, 0x3c09a9a0, 0x3c09aa00, 0x3c610000)
}
Event: 9.084 GC heap before
{Heap before GC invocations=5 (full 0):
 def new generation   total 4928K, used 4143K [0x27010000, 0x27560000, 0x2c560000)
  eden space 4416K,  82% used [0x27010000, 0x2739bda8, 0x27460000)
  from space 512K, 100% used [0x274e0000, 0x27560000, 0x27560000)
  to   space 512K,   0% used [0x27460000, 0x27460000, 0x274e0000)
 tenured generation   total 10944K, used 8867K [0x2c560000, 0x2d010000, 0x37010000)
   the space 10944K,  81% used [0x2c560000, 0x2ce08dc0, 0x2ce08e00, 0x2d010000)
 compacting perm gen  total 12288K, used 3647K [0x37010000, 0x37c10000, 0x3b010000)
   the space 12288K,  29% used [0x37010000, 0x3739fc10, 0x3739fe00, 0x37c10000)
    ro space 10240K,  45% used [0x3b010000, 0x3b496fa8, 0x3b497000, 0x3ba10000)
    rw space 12288K,  54% used [0x3ba10000, 0x3c09a9a0, 0x3c09aa00, 0x3c610000)
Event: 9.091 GC heap after
Heap after GC invocations=6 (full 0):
 def new generation   total 4928K, used 143K [0x27010000, 0x27560000, 0x2c560000)
  eden space 4416K,   0% used [0x27010000, 0x27010000, 0x27460000)
  from space 512K,  27% used [0x27460000, 0x27483c18, 0x274e0000)
  to   space 512K,   0% used [0x274e0000, 0x274e0000, 0x27560000)
 tenured generation   total 10944K, used 10573K [0x2c560000, 0x2d010000, 0x37010000)
   the space 10944K,  96% used [0x2c560000, 0x2cfb3688, 0x2cfb3800, 0x2d010000)
 compacting perm gen  total 12288K, used 3647K [0x37010000, 0x37c10000, 0x3b010000)
   the space 12288K,  29% used [0x37010000, 0x3739fc10, 0x3739fe00, 0x37c10000)
    ro space 10240K,  45% used [0x3b010000, 0x3b496fa8, 0x3b497000, 0x3ba10000)
    rw space 12288K,  54% used [0x3ba10000, 0x3c09a9a0, 0x3c09aa00, 0x3c610000)
}
Event: 9.156 GC heap before
{Heap before GC invocations=6 (full 0):
 def new generation   total 4928K, used 3798K [0x27010000, 0x27560000, 0x2c560000)
  eden space 4416K,  82% used [0x27010000, 0x273a1e40, 0x27460000)
  from space 512K,  27% used [0x27460000, 0x27483c18, 0x274e0000)
  to   space 512K,   0% used [0x274e0000, 0x274e0000, 0x27560000)
 tenured generation   total 10944K, used 10573K [0x2c560000, 0x2d010000, 0x37010000)
   the space 10944K,  96% used [0x2c560000, 0x2cfb3688, 0x2cfb3800, 0x2d010000)
 compacting perm gen  total 12288K, used 3652K [0x37010000, 0x37c10000, 0x3b010000)
   the space 12288K,  29% used [0x37010000, 0x373a11f8, 0x373a1200, 0x37c10000)
    ro space 10240K,  45% used [0x3b010000, 0x3b496fa8, 0x3b497000, 0x3ba10000)
    rw space 12288K,  54% used [0x3ba10000, 0x3c09a9a0, 0x3c09aa00, 0x3c610000)
Event: 9.198 GC heap after
Heap after GC invocations=7 (full 1):
 def new generation   total 9216K, used 0K [0x27010000, 0x27a00000, 0x2c560000)
  eden space 8256K,   0% used [0x27010000, 0x27010000, 0x27820000)
  from space 960K,   0% used [0x27820000, 0x27820000, 0x27910000)
  to   space 960K,   0% used [0x27910000, 0x27910000, 0x27a00000)
 tenured generation   total 20224K, used 12132K [0x2c560000, 0x2d920000, 0x37010000)
   the space 20224K,  59% used [0x2c560000, 0x2d1392a0, 0x2d139400, 0x2d920000)
 compacting perm gen  total 12288K, used 3652K [0x37010000, 0x37c10000, 0x3b010000)
   the space 12288K,  29% used [0x37010000, 0x373a11f8, 0x373a1200, 0x37c10000)
    ro space 10240K,  45% used [0x3b010000, 0x3b496fa8, 0x3b497000, 0x3ba10000)
    rw space 12288K,  54% used [0x3ba10000, 0x3c09a9a0, 0x3c09aa00, 0x3c610000)
}
Event: 9.704 GC heap before
{Heap before GC invocations=7 (full 1):
 def new generation   total 9216K, used 7937K [0x27010000, 0x27a00000, 0x2c560000)
  eden space 8256K,  96% used [0x27010000, 0x277d0690, 0x27820000)
  from space 960K,   0% used [0x27820000, 0x27820000, 0x27910000)
  to   space 960K,   0% used [0x27910000, 0x27910000, 0x27a00000)
 tenured generation   total 20224K, used 12132K [0x2c560000, 0x2d920000, 0x37010000)
   the space 20224K,  59% used [0x2c560000, 0x2d1392a0, 0x2d139400, 0x2d920000)
 compacting perm gen  total 12288K, used 3652K [0x37010000, 0x37c10000, 0x3b010000)
   the space 12288K,  29% used [0x37010000, 0x373a1378, 0x373a1400, 0x37c10000)
    ro space 10240K,  45% used [0x3b010000, 0x3b496fa8, 0x3b497000, 0x3ba10000)
    rw space 12288K,  54% used [0x3ba10000, 0x3c09a9a0, 0x3c09aa00, 0x3c610000)
Event: 9.710 GC heap after
Heap after GC invocations=8 (full 1):
 def new generation   total 9216K, used 601K [0x27010000, 0x27a00000, 0x2c560000)
  eden space 8256K,   0% used [0x27010000, 0x27010000, 0x27820000)
  from space 960K,  62% used [0x27910000, 0x279a6768, 0x27a00000)
  to   space 960K,   0% used [0x27820000, 0x27820000, 0x27910000)
 tenured generation   total 20224K, used 19332K [0x2c560000, 0x2d920000, 0x37010000)
   the space 20224K,  95% used [0x2c560000, 0x2d841330, 0x2d841400, 0x2d920000)
 compacting perm gen  total 12288K, used 3652K [0x37010000, 0x37c10000, 0x3b010000)
   the space 12288K,  29% used [0x37010000, 0x373a1378, 0x373a1400, 0x37c10000)
    ro space 10240K,  45% used [0x3b010000, 0x3b496fa8, 0x3b497000, 0x3ba10000)
    rw space 12288K,  54% used [0x3ba10000, 0x3c09a9a0, 0x3c09aa00, 0x3c610000)
}

