# JRE version: 7.0_13-b20
# Java VM: Java HotSpot(TM) Client VM (23.7-b01 mixed mode, sharing windows-x86 )
Heap
 def new generation   total 15168K, used 11898K [0x27010000, 0x28080000, 0x2c560000)
  eden space 13504K,  88% used [0x27010000, 0x27baeaf0, 0x27d40000)
  from space 1664K,   0% used [0x27d40000, 0x27d40000, 0x27ee0000)
  to   space 1664K,   0% used [0x27ee0000, 0x27ee0000, 0x28080000)
 tenured generation   total 33532K, used 20118K [0x2c560000, 0x2e61f000, 0x37010000)
   the space 33532K,  59% used [0x2c560000, 0x2d905b98, 0x2d905c00, 0x2e61f000)
 compacting perm gen  total 12288K, used 4509K [0x37010000, 0x37c10000, 0x3b010000)
   the space 12288K,  36% used [0x37010000, 0x37477588, 0x37477600, 0x37c10000)
    ro space 10240K,  45% used [0x3b010000, 0x3b496fa8, 0x3b497000, 0x3ba10000)
    rw space 12288K,  54% used [0x3ba10000, 0x3c09a9a0, 0x3c09aa00, 0x3c610000)
GC Heap History (10 events):
Event: 5.710 GC heap before
{Heap before GC invocations=3 (full 0):
 def new generation   total 4928K, used 4327K [0x27010000, 0x27560000, 0x2c560000)
  eden space 4416K,  96% used [0x27010000, 0x2743eba0, 0x27460000)
  from space 512K,   8% used [0x274e0000, 0x274eb228, 0x27560000)
  to   space 512K,   0% used [0x27460000, 0x27460000, 0x274e0000)
 tenured generation   total 10944K, used 6766K [0x2c560000, 0x2d010000, 0x37010000)
   the space 10944K,  61% used [0x2c560000, 0x2cbfb818, 0x2cbfba00, 0x2d010000)
 compacting perm gen  total 12288K, used 2976K [0x37010000, 0x37c10000, 0x3b010000)
   the space 12288K,  24% used [0x37010000, 0x372f8148, 0x372f8200, 0x37c10000)
    ro space 10240K,  45% used [0x3b010000, 0x3b496fa8, 0x3b497000, 0x3ba10000)
    rw space 12288K,  54% used [0x3ba10000, 0x3c09a9a0, 0x3c09aa00, 0x3c610000)
Event: 5.718 GC heap after
Heap after GC invocations=4 (full 0):
 def new generation   total 4928K, used 512K [0x27010000, 0x27560000, 0x2c560000)
  eden space 4416K,   0% used [0x27010000, 0x27010000, 0x27460000)
  from space 512K, 100% used [0x27460000, 0x274e0000, 0x274e0000)
  to   space 512K,   0% used [0x274e0000, 0x274e0000, 0x27560000)
 tenured generation   total 10944K, used 7209K [0x2c560000, 0x2d010000, 0x37010000)
   the space 10944K,  65% used [0x2c560000, 0x2cc6a440, 0x2cc6a600, 0x2d010000)
 compacting perm gen  total 12288K, used 2976K [0x37010000, 0x37c10000, 0x3b010000)
   the space 12288K,  24% used [0x37010000, 0x372f8148, 0x372f8200, 0x37c10000)
    ro space 10240K,  45% used [0x3b010000, 0x3b496fa8, 0x3b497000, 0x3ba10000)
    rw space 12288K,  54% used [0x3ba10000, 0x3c09a9a0, 0x3c09aa00, 0x3c610000)
}
Event: 5.992 GC heap before
{Heap before GC invocations=4 (full 0):
 def new generation   total 4928K, used 4928K [0x27010000, 0x27560000, 0x2c560000)
  eden space 4416K, 100% used [0x27010000, 0x27460000, 0x27460000)
  from space 512K, 100% used [0x27460000, 0x274e0000, 0x274e0000)
  to   space 512K,   0% used [0x274e0000, 0x274e0000, 0x27560000)
 tenured generation   total 10944K, used 7209K [0x2c560000, 0x2d010000, 0x37010000)
   the space 10944K,  65% used [0x2c560000, 0x2cc6a440, 0x2cc6a600, 0x2d010000)
 compacting perm gen  total 12288K, used 3602K [0x37010000, 0x37c10000, 0x3b010000)
   the space 12288K,  29% used [0x37010000, 0x37394a88, 0x37394c00, 0x37c10000)
    ro space 10240K,  45% used [0x3b010000, 0x3b496fa8, 0x3b497000, 0x3ba10000)
    rw space 12288K,  54% used [0x3ba10000, 0x3c09a9a0, 0x3c09aa00, 0x3c610000)
Event: 5.996 GC heap after
Heap after GC invocations=5 (full 0):
 def new generation   total 4928K, used 512K [0x27010000, 0x27560000, 0x2c560000)
  eden space 4416K,   0% used [0x27010000, 0x27010000, 0x27460000)
  from space 512K, 100% used [0x274e0000, 0x27560000, 0x27560000)
  to   space 512K,   0% used [0x27460000, 0x27460000, 0x274e0000)
 tenured generation   total 10944K, used 8815K [0x2c560000, 0x2d010000, 0x37010000)
   the space 10944K,  80% used [0x2c560000, 0x2cdfbf88, 0x2cdfc000, 0x2d010000)
 compacting perm gen  total 12288K, used 3602K [0x37010000, 0x37c10000, 0x3b010000)
   the space 12288K,  29% used [0x37010000, 0x37394a88, 0x37394c00, 0x37c10000)
    ro space 10240K,  45% used [0x3b010000, 0x3b496fa8, 0x3b497000, 0x3ba10000)
    rw space 12288K,  54% used [0x3ba10000, 0x3c09a9a0, 0x3c09aa00, 0x3c610000)
}
Event: 7.881 GC heap before
{Heap before GC invocations=5 (full 0):
 def new generation   total 4928K, used 4905K [0x27010000, 0x27560000, 0x2c560000)
  eden space 4416K,  99% used [0x27010000, 0x2745a620, 0x27460000)
  from space 512K, 100% used [0x274e0000, 0x27560000, 0x27560000)
  to   space 512K,   0% used [0x27460000, 0x27460000, 0x274e0000)
 tenured generation   total 10944K, used 8815K [0x2c560000, 0x2d010000, 0x37010000)
   the space 10944K,  80% used [0x2c560000, 0x2cdfbf88, 0x2cdfc000, 0x2d010000)
 compacting perm gen  total 12288K, used 3653K [0x37010000, 0x37c10000, 0x3b010000)
   the space 12288K,  29% used [0x37010000, 0x373a1558, 0x373a1600, 0x37c10000)
    ro space 10240K,  45% used [0x3b010000, 0x3b496fa8, 0x3b497000, 0x3ba10000)
    rw space 12288K,  54% used [0x3ba10000, 0x3c09a9a0, 0x3c09aa00, 0x3c610000)
Event: 7.919 GC heap after
Heap after GC invocations=6 (full 1):
 def new generation   total 7488K, used 0K [0x27010000, 0x27830000, 0x2c560000)
  eden space 6656K,   0% used [0x27010000, 0x27010000, 0x27690000)
  from space 832K,   0% used [0x27690000, 0x27690000, 0x27760000)
  to   space 832K,   0% used [0x27760000, 0x27760000, 0x27830000)
 tenured generation   total 16528K, used 9916K [0x2c560000, 0x2d584000, 0x37010000)
   the space 16528K,  59% used [0x2c560000, 0x2cf0f190, 0x2cf0f200, 0x2d584000)
 compacting perm gen  total 12288K, used 3653K [0x37010000, 0x37c10000, 0x3b010000)
   the space 12288K,  29% used [0x37010000, 0x373a1558, 0x373a1600, 0x37c10000)
    ro space 10240K,  45% used [0x3b010000, 0x3b496fa8, 0x3b497000, 0x3ba10000)
    rw space 12288K,  54% used [0x3ba10000, 0x3c09a9a0, 0x3c09aa00, 0x3c610000)
}
Event: 8.010 GC heap before
{Heap before GC invocations=6 (full 1):
 def new generation   total 7488K, used 5499K [0x27010000, 0x27830000, 0x2c560000)
  eden space 6656K,  82% used [0x27010000, 0x2756ede0, 0x27690000)
  from space 832K,   0% used [0x27690000, 0x27690000, 0x27760000)
  to   space 832K,   0% used [0x27760000, 0x27760000, 0x27830000)
 tenured generation   total 16528K, used 9916K [0x2c560000, 0x2d584000, 0x37010000)
   the space 16528K,  59% used [0x2c560000, 0x2cf0f190, 0x2cf0f200, 0x2d584000)
 compacting perm gen  total 12288K, used 3653K [0x37010000, 0x37c10000, 0x3b010000)
   the space 12288K,  29% used [0x37010000, 0x373a1558, 0x373a1600, 0x37c10000)
    ro space 10240K,  45% used [0x3b010000, 0x3b496fa8, 0x3b497000, 0x3ba10000)
    rw space 12288K,  54% used [0x3ba10000, 0x3c09a9a0, 0x3c09aa00, 0x3c610000)
Event: 8.014 GC heap after
Heap after GC invocations=7 (full 1):
 def new generation   total 7488K, used 600K [0x27010000, 0x27830000, 0x2c560000)
  eden space 6656K,   0% used [0x27010000, 0x27010000, 0x27690000)
  from space 832K,  72% used [0x27760000, 0x277f60d8, 0x27830000)
  to   space 832K,   0% used [0x27690000, 0x27690000, 0x27760000)
 tenured generation   total 16528K, used 14716K [0x2c560000, 0x2d584000, 0x37010000)
   the space 16528K,  89% used [0x2c560000, 0x2d3bf1e0, 0x2d3bf200, 0x2d584000)
 compacting perm gen  total 12288K, used 3653K [0x37010000, 0x37c10000, 0x3b010000)
   the space 12288K,  29% used [0x37010000, 0x373a1558, 0x373a1600, 0x37c10000)
    ro space 10240K,  45% used [0x3b010000, 0x3b496fa8, 0x3b497000, 0x3ba10000)
    rw space 12288K,  54% used [0x3ba10000, 0x3c09a9a0, 0x3c09aa00, 0x3c610000)
}
Event: 9.352 GC heap before
{Heap before GC invocations=7 (full 1):
 def new generation   total 7488K, used 6417K [0x27010000, 0x27830000, 0x2c560000)
  eden space 6656K,  87% used [0x27010000, 0x275be4f0, 0x27690000)
  from space 832K,  72% used [0x27760000, 0x277f60d8, 0x27830000)
  to   space 832K,   0% used [0x27690000, 0x27690000, 0x27760000)
 tenured generation   total 16528K, used 14716K [0x2c560000, 0x2d584000, 0x37010000)
   the space 16528K,  89% used [0x2c560000, 0x2d3bf1e0, 0x2d3bf200, 0x2d584000)
 compacting perm gen  total 12288K, used 3688K [0x37010000, 0x37c10000, 0x3b010000)
   the space 12288K,  30% used [0x37010000, 0x373aa258, 0x373aa400, 0x37c10000)
    ro space 10240K,  45% used [0x3b010000, 0x3b496fa8, 0x3b497000, 0x3ba10000)
    rw space 12288K,  54% used [0x3ba10000, 0x3c09a9a0, 0x3c09aa00, 0x3c610000)
Event: 9.397 GC heap after
Heap after GC invocations=8 (full 2):
 def new generation   total 15168K, used 610K [0x27010000, 0x28080000, 0x2c560000)
  eden space 13504K,   4% used [0x27010000, 0x270a88c0, 0x27d40000)
  from space 1664K,   0% used [0x27d40000, 0x27d40000, 0x27ee0000)
  to   space 1664K,   0% used [0x27ee0000, 0x27ee0000, 0x28080000)
 tenured generation   total 33532K, used 20118K [0x2c560000, 0x2e61f000, 0x37010000)
   the space 33532K,  59% used [0x2c560000, 0x2d905b98, 0x2d905c00, 0x2e61f000)
 compacting perm gen  total 12288K, used 3688K [0x37010000, 0x37c10000, 0x3b010000)
   the space 12288K,  30% used [0x37010000, 0x373aa258, 0x373aa400, 0x37c10000)
    ro space 10240K,  45% used [0x3b010000, 0x3b496fa8, 0x3b497000, 0x3ba10000)
    rw space 12288K,  54% used [0x3ba10000, 0x3c09a9a0, 0x3c09aa00, 0x3c610000)
}

