# JRE version: 7.0_13-b20
# Java VM: Java HotSpot(TM) Client VM (23.7-b01 mixed mode, sharing windows-x86 )
Heap
 def new generation   total 7488K, used 5047K [0x27010000, 0x27830000, 0x2c560000)
  eden space 6656K,  66% used [0x27010000, 0x27467ee0, 0x27690000)
  from space 832K,  72% used [0x27760000, 0x277f6010, 0x27830000)
  to   space 832K,   0% used [0x27690000, 0x27690000, 0x27760000)
 tenured generation   total 16520K, used 15911K [0x2c560000, 0x2d582000, 0x37010000)
   the space 16520K,  96% used [0x2c560000, 0x2d4e9d28, 0x2d4e9e00, 0x2d582000)
 compacting perm gen  total 12288K, used 3655K [0x37010000, 0x37c10000, 0x3b010000)
   the space 12288K,  29% used [0x37010000, 0x373a1d08, 0x373a1e00, 0x37c10000)
    ro space 10240K,  45% used [0x3b010000, 0x3b496fa8, 0x3b497000, 0x3ba10000)
    rw space 12288K,  54% used [0x3ba10000, 0x3c09a9a0, 0x3c09aa00, 0x3c610000)
GC Heap History (10 events):
Event: 1.340 GC heap before
{Heap before GC invocations=2 (full 0):
 def new generation   total 4928K, used 4788K [0x27010000, 0x27560000, 0x2c560000)
  eden space 4416K, 100% used [0x27010000, 0x27460000, 0x27460000)
  from space 512K,  72% used [0x27460000, 0x274bd3c8, 0x274e0000)
  to   space 512K,   0% used [0x274e0000, 0x274e0000, 0x27560000)
 tenured generation   total 10944K, used 2621K [0x2c560000, 0x2d010000, 0x37010000)
   the space 10944K,  23% used [0x2c560000, 0x2c7ef530, 0x2c7ef600, 0x2d010000)
 compacting perm gen  total 12288K, used 2410K [0x37010000, 0x37c10000, 0x3b010000)
   the space 12288K,  19% used [0x37010000, 0x3726aaa0, 0x3726ac00, 0x37c10000)
    ro space 10240K,  45% used [0x3b010000, 0x3b496fa8, 0x3b497000, 0x3ba10000)
    rw space 12288K,  54% used [0x3ba10000, 0x3c09a9a0, 0x3c09aa00, 0x3c610000)
Event: 1.344 GC heap after
Heap after GC invocations=3 (full 0):
 def new generation   total 4928K, used 33K [0x27010000, 0x27560000, 0x2c560000)
  eden space 4416K,   0% used [0x27010000, 0x27010000, 0x27460000)
  from space 512K,   6% used [0x274e0000, 0x274e8560, 0x27560000)
  to   space 512K,   0% used [0x27460000, 0x27460000, 0x274e0000)
 tenured generation   total 10944K, used 6754K [0x2c560000, 0x2d010000, 0x37010000)
   the space 10944K,  61% used [0x2c560000, 0x2cbf8a58, 0x2cbf8c00, 0x2d010000)
 compacting perm gen  total 12288K, used 2410K [0x37010000, 0x37c10000, 0x3b010000)
   the space 12288K,  19% used [0x37010000, 0x3726aaa0, 0x3726ac00, 0x37c10000)
    ro space 10240K,  45% used [0x3b010000, 0x3b496fa8, 0x3b497000, 0x3ba10000)
    rw space 12288K,  54% used [0x3ba10000, 0x3c09a9a0, 0x3c09aa00, 0x3c610000)
}
Event: 6.377 GC heap before
{Heap before GC invocations=3 (full 0):
 def new generation   total 4928K, used 4253K [0x27010000, 0x27560000, 0x2c560000)
  eden space 4416K,  95% used [0x27010000, 0x2742ef68, 0x27460000)
  from space 512K,   6% used [0x274e0000, 0x274e8560, 0x27560000)
  to   space 512K,   0% used [0x27460000, 0x27460000, 0x274e0000)
 tenured generation   total 10944K, used 6754K [0x2c560000, 0x2d010000, 0x37010000)
   the space 10944K,  61% used [0x2c560000, 0x2cbf8a58, 0x2cbf8c00, 0x2d010000)
 compacting perm gen  total 12288K, used 2975K [0x37010000, 0x37c10000, 0x3b010000)
   the space 12288K,  24% used [0x37010000, 0x372f7dd0, 0x372f7e00, 0x37c10000)
    ro space 10240K,  45% used [0x3b010000, 0x3b496fa8, 0x3b497000, 0x3ba10000)
    rw space 12288K,  54% used [0x3ba10000, 0x3c09a9a0, 0x3c09aa00, 0x3c610000)
Event: 6.385 GC heap after
Heap after GC invocations=4 (full 0):
 def new generation   total 4928K, used 512K [0x27010000, 0x27560000, 0x2c560000)
  eden space 4416K,   0% used [0x27010000, 0x27010000, 0x27460000)
  from space 512K, 100% used [0x27460000, 0x274e0000, 0x274e0000)
  to   space 512K,   0% used [0x274e0000, 0x274e0000, 0x27560000)
 tenured generation   total 10944K, used 7232K [0x2c560000, 0x2d010000, 0x37010000)
   the space 10944K,  66% used [0x2c560000, 0x2cc703a0, 0x2cc70400, 0x2d010000)
 compacting perm gen  total 12288K, used 2975K [0x37010000, 0x37c10000, 0x3b010000)
   the space 12288K,  24% used [0x37010000, 0x372f7dd0, 0x372f7e00, 0x37c10000)
    ro space 10240K,  45% used [0x3b010000, 0x3b496fa8, 0x3b497000, 0x3ba10000)
    rw space 12288K,  54% used [0x3ba10000, 0x3c09a9a0, 0x3c09aa00, 0x3c610000)
}
Event: 6.646 GC heap before
{Heap before GC invocations=4 (full 0):
 def new generation   total 4928K, used 4928K [0x27010000, 0x27560000, 0x2c560000)
  eden space 4416K, 100% used [0x27010000, 0x27460000, 0x27460000)
  from space 512K, 100% used [0x27460000, 0x274e0000, 0x274e0000)
  to   space 512K,   0% used [0x274e0000, 0x274e0000, 0x27560000)
 tenured generation   total 10944K, used 7232K [0x2c560000, 0x2d010000, 0x37010000)
   the space 10944K,  66% used [0x2c560000, 0x2cc703a0, 0x2cc70400, 0x2d010000)
 compacting perm gen  total 12288K, used 3601K [0x37010000, 0x37c10000, 0x3b010000)
   the space 12288K,  29% used [0x37010000, 0x37394710, 0x37394800, 0x37c10000)
    ro space 10240K,  45% used [0x3b010000, 0x3b496fa8, 0x3b497000, 0x3ba10000)
    rw space 12288K,  54% used [0x3ba10000, 0x3c09a9a0, 0x3c09aa00, 0x3c610000)
Event: 6.650 GC heap after
Heap after GC invocations=5 (full 0):
 def new generation   total 4928K, used 512K [0x27010000, 0x27560000, 0x2c560000)
  eden space 4416K,   0% used [0x27010000, 0x27010000, 0x27460000)
  from space 512K, 100% used [0x274e0000, 0x27560000, 0x27560000)
  to   space 512K,   0% used [0x27460000, 0x27460000, 0x274e0000)
 tenured generation   total 10944K, used 8856K [0x2c560000, 0x2d010000, 0x37010000)
   the space 10944K,  80% used [0x2c560000, 0x2ce06048, 0x2ce06200, 0x2d010000)
 compacting perm gen  total 12288K, used 3601K [0x37010000, 0x37c10000, 0x3b010000)
   the space 12288K,  29% used [0x37010000, 0x37394710, 0x37394800, 0x37c10000)
    ro space 10240K,  45% used [0x3b010000, 0x3b496fa8, 0x3b497000, 0x3ba10000)
    rw space 12288K,  54% used [0x3ba10000, 0x3c09a9a0, 0x3c09aa00, 0x3c610000)
}
Event: 9.303 GC heap before
{Heap before GC invocations=5 (full 0):
 def new generation   total 4928K, used 4886K [0x27010000, 0x27560000, 0x2c560000)
  eden space 4416K,  99% used [0x27010000, 0x27455b48, 0x27460000)
  from space 512K, 100% used [0x274e0000, 0x27560000, 0x27560000)
  to   space 512K,   0% used [0x27460000, 0x27460000, 0x274e0000)
 tenured generation   total 10944K, used 8856K [0x2c560000, 0x2d010000, 0x37010000)
   the space 10944K,  80% used [0x2c560000, 0x2ce06048, 0x2ce06200, 0x2d010000)
 compacting perm gen  total 12288K, used 3652K [0x37010000, 0x37c10000, 0x3b010000)
   the space 12288K,  29% used [0x37010000, 0x373a11d0, 0x373a1200, 0x37c10000)
    ro space 10240K,  45% used [0x3b010000, 0x3b496fa8, 0x3b497000, 0x3ba10000)
    rw space 12288K,  54% used [0x3ba10000, 0x3c09a9a0, 0x3c09aa00, 0x3c610000)
Event: 9.343 GC heap after
Heap after GC invocations=6 (full 1):
 def new generation   total 7488K, used 0K [0x27010000, 0x27830000, 0x2c560000)
  eden space 6656K,   0% used [0x27010000, 0x27010000, 0x27690000)
  from space 832K,   0% used [0x27690000, 0x27690000, 0x27760000)
  to   space 832K,   0% used [0x27760000, 0x27760000, 0x27830000)
 tenured generation   total 16520K, used 9911K [0x2c560000, 0x2d582000, 0x37010000)
   the space 16520K,  59% used [0x2c560000, 0x2cf0dcc8, 0x2cf0de00, 0x2d582000)
 compacting perm gen  total 12288K, used 3652K [0x37010000, 0x37c10000, 0x3b010000)
   the space 12288K,  29% used [0x37010000, 0x373a11d0, 0x373a1200, 0x37c10000)
    ro space 10240K,  45% used [0x3b010000, 0x3b496fa8, 0x3b497000, 0x3ba10000)
    rw space 12288K,  54% used [0x3ba10000, 0x3c09a9a0, 0x3c09aa00, 0x3c610000)
}
Event: 9.433 GC heap before
{Heap before GC invocations=6 (full 1):
 def new generation   total 7488K, used 6634K [0x27010000, 0x27830000, 0x2c560000)
  eden space 6656K,  99% used [0x27010000, 0x2768a840, 0x27690000)
  from space 832K,   0% used [0x27690000, 0x27690000, 0x27760000)
  to   space 832K,   0% used [0x27760000, 0x27760000, 0x27830000)
 tenured generation   total 16520K, used 9911K [0x2c560000, 0x2d582000, 0x37010000)
   the space 16520K,  59% used [0x2c560000, 0x2cf0dcc8, 0x2cf0de00, 0x2d582000)
 compacting perm gen  total 12288K, used 3652K [0x37010000, 0x37c10000, 0x3b010000)
   the space 12288K,  29% used [0x37010000, 0x373a11d0, 0x373a1200, 0x37c10000)
    ro space 10240K,  45% used [0x3b010000, 0x3b496fa8, 0x3b497000, 0x3ba10000)
    rw space 12288K,  54% used [0x3ba10000, 0x3c09a9a0, 0x3c09aa00, 0x3c610000)
Event: 9.439 GC heap after
Heap after GC invocations=7 (full 1):
 def new generation   total 7488K, used 600K [0x27010000, 0x27830000, 0x2c560000)
  eden space 6656K,   0% used [0x27010000, 0x27010000, 0x27690000)
  from space 832K,  72% used [0x27760000, 0x277f6010, 0x27830000)
  to   space 832K,   0% used [0x27690000, 0x27690000, 0x27760000)
 tenured generation   total 16520K, used 15911K [0x2c560000, 0x2d582000, 0x37010000)
   the space 16520K,  96% used [0x2c560000, 0x2d4e9d28, 0x2d4e9e00, 0x2d582000)
 compacting perm gen  total 12288K, used 3652K [0x37010000, 0x37c10000, 0x3b010000)
   the space 12288K,  29% used [0x37010000, 0x373a11d0, 0x373a1200, 0x37c10000)
    ro space 10240K,  45% used [0x3b010000, 0x3b496fa8, 0x3b497000, 0x3ba10000)
    rw space 12288K,  54% used [0x3ba10000, 0x3c09a9a0, 0x3c09aa00, 0x3c610000)
}

