# JRE version: 7.0_13-b20
# Java VM: Java HotSpot(TM) Client VM (23.7-b01 mixed mode, sharing windows-x86 )
Heap
 def new generation   total 14784K, used 1314K [0x27010000, 0x28010000, 0x2c560000)
  eden space 13184K,   9% used [0x27010000, 0x27158970, 0x27cf0000)
  from space 1600K,   0% used [0x27cf0000, 0x27cf0000, 0x27e80000)
  to   space 1600K,   0% used [0x27e80000, 0x27e80000, 0x28010000)
 tenured generation   total 32592K, used 19554K [0x2c560000, 0x2e534000, 0x37010000)
   the space 32592K,  59% used [0x2c560000, 0x2d8788b0, 0x2d878a00, 0x2e534000)
 compacting perm gen  total 12288K, used 3653K [0x37010000, 0x37c10000, 0x3b010000)
   the space 12288K,  29% used [0x37010000, 0x373a1438, 0x373a1600, 0x37c10000)
    ro space 10240K,  45% used [0x3b010000, 0x3b496fa8, 0x3b497000, 0x3ba10000)
    rw space 12288K,  54% used [0x3ba10000, 0x3c09a9a0, 0x3c09aa00, 0x3c610000)
GC Heap History (10 events):
Event: 4.277 GC heap before
{Heap before GC invocations=3 (full 0):
 def new generation   total 4928K, used 4449K [0x27010000, 0x27560000, 0x2c560000)
  eden space 4416K, 100% used [0x27010000, 0x27460000, 0x27460000)
  from space 512K,   6% used [0x274e0000, 0x274e8498, 0x27560000)
  to   space 512K,   0% used [0x27460000, 0x27460000, 0x274e0000)
 tenured generation   total 10944K, used 6754K [0x2c560000, 0x2d010000, 0x37010000)
   the space 10944K,  61% used [0x2c560000, 0x2cbf8ac8, 0x2cbf8c00, 0x2d010000)
 compacting perm gen  total 12288K, used 3062K [0x37010000, 0x37c10000, 0x3b010000)
   the space 12288K,  24% used [0x37010000, 0x3730da70, 0x3730dc00, 0x37c10000)
    ro space 10240K,  45% used [0x3b010000, 0x3b496fa8, 0x3b497000, 0x3ba10000)
    rw space 12288K,  54% used [0x3ba10000, 0x3c09a9a0, 0x3c09aa00, 0x3c610000)
Event: 4.286 GC heap after
Heap after GC invocations=4 (full 0):
 def new generation   total 4928K, used 512K [0x27010000, 0x27560000, 0x2c560000)
  eden space 4416K,   0% used [0x27010000, 0x27010000, 0x27460000)
  from space 512K, 100% used [0x27460000, 0x274e0000, 0x274e0000)
  to   space 512K,   0% used [0x274e0000, 0x274e0000, 0x27560000)
 tenured generation   total 10944K, used 7753K [0x2c560000, 0x2d010000, 0x37010000)
   the space 10944K,  70% used [0x2c560000, 0x2ccf2600, 0x2ccf2600, 0x2d010000)
 compacting perm gen  total 12288K, used 3062K [0x37010000, 0x37c10000, 0x3b010000)
   the space 12288K,  24% used [0x37010000, 0x3730da70, 0x3730dc00, 0x37c10000)
    ro space 10240K,  45% used [0x3b010000, 0x3b496fa8, 0x3b497000, 0x3ba10000)
    rw space 12288K,  54% used [0x3ba10000, 0x3c09a9a0, 0x3c09aa00, 0x3c610000)
}
Event: 5.392 GC heap before
{Heap before GC invocations=4 (full 0):
 def new generation   total 4928K, used 4928K [0x27010000, 0x27560000, 0x2c560000)
  eden space 4416K, 100% used [0x27010000, 0x27460000, 0x27460000)
  from space 512K, 100% used [0x27460000, 0x274e0000, 0x274e0000)
  to   space 512K,   0% used [0x274e0000, 0x274e0000, 0x27560000)
 tenured generation   total 10944K, used 7753K [0x2c560000, 0x2d010000, 0x37010000)
   the space 10944K,  70% used [0x2c560000, 0x2ccf2600, 0x2ccf2600, 0x2d010000)
 compacting perm gen  total 12288K, used 3644K [0x37010000, 0x37c10000, 0x3b010000)
   the space 12288K,  29% used [0x37010000, 0x3739f2c0, 0x3739f400, 0x37c10000)
    ro space 10240K,  45% used [0x3b010000, 0x3b496fa8, 0x3b497000, 0x3ba10000)
    rw space 12288K,  54% used [0x3ba10000, 0x3c09a9a0, 0x3c09aa00, 0x3c610000)
Event: 5.401 GC heap after
Heap after GC invocations=5 (full 0):
 def new generation   total 4928K, used 512K [0x27010000, 0x27560000, 0x2c560000)
  eden space 4416K,   0% used [0x27010000, 0x27010000, 0x27460000)
  from space 512K, 100% used [0x274e0000, 0x27560000, 0x27560000)
  to   space 512K,   0% used [0x27460000, 0x27460000, 0x274e0000)
 tenured generation   total 10944K, used 8851K [0x2c560000, 0x2d010000, 0x37010000)
   the space 10944K,  80% used [0x2c560000, 0x2ce04c70, 0x2ce04e00, 0x2d010000)
 compacting perm gen  total 12288K, used 3644K [0x37010000, 0x37c10000, 0x3b010000)
   the space 12288K,  29% used [0x37010000, 0x3739f2c0, 0x3739f400, 0x37c10000)
    ro space 10240K,  45% used [0x3b010000, 0x3b496fa8, 0x3b497000, 0x3ba10000)
    rw space 12288K,  54% used [0x3ba10000, 0x3c09a9a0, 0x3c09aa00, 0x3c610000)
}
Event: 7.083 GC heap before
{Heap before GC invocations=5 (full 0):
 def new generation   total 4928K, used 3787K [0x27010000, 0x27560000, 0x2c560000)
  eden space 4416K,  74% used [0x27010000, 0x27342c28, 0x27460000)
  from space 512K, 100% used [0x274e0000, 0x27560000, 0x27560000)
  to   space 512K,   0% used [0x27460000, 0x27460000, 0x274e0000)
 tenured generation   total 10944K, used 8851K [0x2c560000, 0x2d010000, 0x37010000)
   the space 10944K,  80% used [0x2c560000, 0x2ce04c70, 0x2ce04e00, 0x2d010000)
 compacting perm gen  total 12288K, used 3652K [0x37010000, 0x37c10000, 0x3b010000)
   the space 12288K,  29% used [0x37010000, 0x373a1148, 0x373a1200, 0x37c10000)
    ro space 10240K,  45% used [0x3b010000, 0x3b496fa8, 0x3b497000, 0x3ba10000)
    rw space 12288K,  54% used [0x3ba10000, 0x3c09a9a0, 0x3c09aa00, 0x3c610000)
Event: 7.139 GC heap after
Heap after GC invocations=6 (full 1):
 def new generation   total 7936K, used 0K [0x27010000, 0x278a0000, 0x2c560000)
  eden space 7104K,   0% used [0x27010000, 0x27010000, 0x27700000)
  from space 832K,   0% used [0x27700000, 0x27700000, 0x277d0000)
  to   space 832K,   0% used [0x277d0000, 0x277d0000, 0x278a0000)
 tenured generation   total 17412K, used 10445K [0x2c560000, 0x2d661000, 0x37010000)
   the space 17412K,  59% used [0x2c560000, 0x2cf93440, 0x2cf93600, 0x2d661000)
 compacting perm gen  total 12288K, used 3652K [0x37010000, 0x37c10000, 0x3b010000)
   the space 12288K,  29% used [0x37010000, 0x373a1148, 0x373a1200, 0x37c10000)
    ro space 10240K,  45% used [0x3b010000, 0x3b496fa8, 0x3b497000, 0x3ba10000)
    rw space 12288K,  54% used [0x3ba10000, 0x3c09a9a0, 0x3c09aa00, 0x3c610000)
}
Event: 7.221 GC heap before
{Heap before GC invocations=6 (full 1):
 def new generation   total 7936K, used 6702K [0x27010000, 0x278a0000, 0x2c560000)
  eden space 7104K,  94% used [0x27010000, 0x2769b978, 0x27700000)
  from space 832K,   0% used [0x27700000, 0x27700000, 0x277d0000)
  to   space 832K,   0% used [0x277d0000, 0x277d0000, 0x278a0000)
 tenured generation   total 17412K, used 10445K [0x2c560000, 0x2d661000, 0x37010000)
   the space 17412K,  59% used [0x2c560000, 0x2cf93440, 0x2cf93600, 0x2d661000)
 compacting perm gen  total 12288K, used 3652K [0x37010000, 0x37c10000, 0x3b010000)
   the space 12288K,  29% used [0x37010000, 0x373a1148, 0x373a1200, 0x37c10000)
    ro space 10240K,  45% used [0x3b010000, 0x3b496fa8, 0x3b497000, 0x3ba10000)
    rw space 12288K,  54% used [0x3ba10000, 0x3c09a9a0, 0x3c09aa00, 0x3c610000)
Event: 7.227 GC heap after
Heap after GC invocations=7 (full 1):
 def new generation   total 7936K, used 600K [0x27010000, 0x278a0000, 0x2c560000)
  eden space 7104K,   0% used [0x27010000, 0x27010000, 0x27700000)
  from space 832K,  72% used [0x277d0000, 0x27866048, 0x278a0000)
  to   space 832K,   0% used [0x27700000, 0x27700000, 0x277d0000)
 tenured generation   total 17412K, used 16445K [0x2c560000, 0x2d661000, 0x37010000)
   the space 17412K,  94% used [0x2c560000, 0x2d56f4a0, 0x2d56f600, 0x2d661000)
 compacting perm gen  total 12288K, used 3652K [0x37010000, 0x37c10000, 0x3b010000)
   the space 12288K,  29% used [0x37010000, 0x373a1148, 0x373a1200, 0x37c10000)
    ro space 10240K,  45% used [0x3b010000, 0x3b496fa8, 0x3b497000, 0x3ba10000)
    rw space 12288K,  54% used [0x3ba10000, 0x3c09a9a0, 0x3c09aa00, 0x3c610000)
}
Event: 18.016 GC heap before
{Heap before GC invocations=7 (full 1):
 def new generation   total 7936K, used 7695K [0x27010000, 0x278a0000, 0x2c560000)
  eden space 7104K,  99% used [0x27010000, 0x276fdd40, 0x27700000)
  from space 832K,  72% used [0x277d0000, 0x27866048, 0x278a0000)
  to   space 832K,   0% used [0x27700000, 0x27700000, 0x277d0000)
 tenured generation   total 17412K, used 16445K [0x2c560000, 0x2d661000, 0x37010000)
   the space 17412K,  94% used [0x2c560000, 0x2d56f4a0, 0x2d56f600, 0x2d661000)
 compacting perm gen  total 12288K, used 3652K [0x37010000, 0x37c10000, 0x3b010000)
   the space 12288K,  29% used [0x37010000, 0x373a13f8, 0x373a1400, 0x37c10000)
    ro space 10240K,  45% used [0x3b010000, 0x3b496fa8, 0x3b497000, 0x3ba10000)
    rw space 12288K,  54% used [0x3ba10000, 0x3c09a9a0, 0x3c09aa00, 0x3c610000)
Event: 18.057 GC heap after
Heap after GC invocations=8 (full 2):
 def new generation   total 14784K, used 0K [0x27010000, 0x28010000, 0x2c560000)
  eden space 13184K,   0% used [0x27010000, 0x27010000, 0x27cf0000)
  from space 1600K,   0% used [0x27cf0000, 0x27cf0000, 0x27e80000)
  to   space 1600K,   0% used [0x27e80000, 0x27e80000, 0x28010000)
 tenured generation   total 32592K, used 19554K [0x2c560000, 0x2e534000, 0x37010000)
   the space 32592K,  59% used [0x2c560000, 0x2d8788b0, 0x2d878a00, 0x2e534000)
 compacting perm gen  total 12288K, used 3652K [0x37010000, 0x37c10000, 0x3b010000)
   the space 12288K,  29% used [0x37010000, 0x373a13f8, 0x373a1400, 0x37c10000)
    ro space 10240K,  45% used [0x3b010000, 0x3b496fa8, 0x3b497000, 0x3ba10000)
    rw space 12288K,  54% used [0x3ba10000, 0x3c09a9a0, 0x3c09aa00, 0x3c610000)
}

