# JRE version: 7.0_13-b20
# Java VM: Java HotSpot(TM) Client VM (23.7-b01 mixed mode, sharing windows-x86 )
Heap
 def new generation   total 14848K, used 11832K [0x27010000, 0x28020000, 0x2c560000)
  eden space 13248K,  88% used [0x27010000, 0x27b81288, 0x27d00000)
  from space 1600K,   7% used [0x27e90000, 0x27eace10, 0x28020000)
  to   space 1600K,   0% used [0x27d00000, 0x27d00000, 0x27e90000)
 tenured generation   total 32732K, used 19639K [0x2c560000, 0x2e557000, 0x37010000)
   the space 32732K,  60% used [0x2c560000, 0x2d88dce8, 0x2d88de00, 0x2e557000)
 compacting perm gen  total 12288K, used 3731K [0x37010000, 0x37c10000, 0x3b010000)
   the space 12288K,  30% used [0x37010000, 0x373b4da0, 0x373b4e00, 0x37c10000)
    ro space 10240K,  45% used [0x3b010000, 0x3b496fa8, 0x3b497000, 0x3ba10000)
    rw space 12288K,  54% used [0x3ba10000, 0x3c09a9a0, 0x3c09aa00, 0x3c610000)
GC Heap History (10 events):
Event: 13.726 GC heap before
{Heap before GC invocations=10 (full 2):
 def new generation   total 14848K, used 13362K [0x27010000, 0x28020000, 0x2c560000)
  eden space 13248K, 100% used [0x27010000, 0x27d00000, 0x27d00000)
  from space 1600K,   7% used [0x27d00000, 0x27d1c9a0, 0x27e90000)
  to   space 1600K,   0% used [0x27e90000, 0x27e90000, 0x28020000)
 tenured generation   total 32732K, used 19639K [0x2c560000, 0x2e557000, 0x37010000)
   the space 32732K,  60% used [0x2c560000, 0x2d88dce8, 0x2d88de00, 0x2e557000)
 compacting perm gen  total 12288K, used 3719K [0x37010000, 0x37c10000, 0x3b010000)
   the space 12288K,  30% used [0x37010000, 0x373b1ea0, 0x373b2000, 0x37c10000)
    ro space 10240K,  45% used [0x3b010000, 0x3b496fa8, 0x3b497000, 0x3ba10000)
    rw space 12288K,  54% used [0x3ba10000, 0x3c09a9a0, 0x3c09aa00, 0x3c610000)
Event: 13.726 GC heap after
Heap after GC invocations=11 (full 2):
 def new generation   total 14848K, used 115K [0x27010000, 0x28020000, 0x2c560000)
  eden space 13248K,   0% used [0x27010000, 0x27010000, 0x27d00000)
  from space 1600K,   7% used [0x27e90000, 0x27eace10, 0x28020000)
  to   space 1600K,   0% used [0x27d00000, 0x27d00000, 0x27e90000)
 tenured generation   total 32732K, used 19639K [0x2c560000, 0x2e557000, 0x37010000)
   the space 32732K,  60% used [0x2c560000, 0x2d88dce8, 0x2d88de00, 0x2e557000)
 compacting perm gen  total 12288K, used 3719K [0x37010000, 0x37c10000, 0x3b010000)
   the space 12288K,  30% used [0x37010000, 0x373b1ea0, 0x373b2000, 0x37c10000)
    ro space 10240K,  45% used [0x3b010000, 0x3b496fa8, 0x3b497000, 0x3ba10000)
    rw space 12288K,  54% used [0x3ba10000, 0x3c09a9a0, 0x3c09aa00, 0x3c610000)
}
Event: 15.083 GC heap before
{Heap before GC invocations=11 (full 2):
 def new generation   total 14848K, used 13363K [0x27010000, 0x28020000, 0x2c560000)
  eden space 13248K, 100% used [0x27010000, 0x27d00000, 0x27d00000)
  from space 1600K,   7% used [0x27e90000, 0x27eace10, 0x28020000)
  to   space 1600K,   0% used [0x27d00000, 0x27d00000, 0x27e90000)
 tenured generation   total 32732K, used 19639K [0x2c560000, 0x2e557000, 0x37010000)
   the space 32732K,  60% used [0x2c560000, 0x2d88dce8, 0x2d88de00, 0x2e557000)
 compacting perm gen  total 12288K, used 3719K [0x37010000, 0x37c10000, 0x3b010000)
   the space 12288K,  30% used [0x37010000, 0x373b1ea0, 0x373b2000, 0x37c10000)
    ro space 10240K,  45% used [0x3b010000, 0x3b496fa8, 0x3b497000, 0x3ba10000)
    rw space 12288K,  54% used [0x3ba10000, 0x3c09a9a0, 0x3c09aa00, 0x3c610000)
Event: 15.084 GC heap after
Heap after GC invocations=12 (full 2):
 def new generation   total 14848K, used 114K [0x27010000, 0x28020000, 0x2c560000)
  eden space 13248K,   0% used [0x27010000, 0x27010000, 0x27d00000)
  from space 1600K,   7% used [0x27d00000, 0x27d1ca80, 0x27e90000)
  to   space 1600K,   0% used [0x27e90000, 0x27e90000, 0x28020000)
 tenured generation   total 32732K, used 19639K [0x2c560000, 0x2e557000, 0x37010000)
   the space 32732K,  60% used [0x2c560000, 0x2d88dce8, 0x2d88de00, 0x2e557000)
 compacting perm gen  total 12288K, used 3719K [0x37010000, 0x37c10000, 0x3b010000)
   the space 12288K,  30% used [0x37010000, 0x373b1ea0, 0x373b2000, 0x37c10000)
    ro space 10240K,  45% used [0x3b010000, 0x3b496fa8, 0x3b497000, 0x3ba10000)
    rw space 12288K,  54% used [0x3ba10000, 0x3c09a9a0, 0x3c09aa00, 0x3c610000)
}
Event: 16.427 GC heap before
{Heap before GC invocations=12 (full 2):
 def new generation   total 14848K, used 13362K [0x27010000, 0x28020000, 0x2c560000)
  eden space 13248K, 100% used [0x27010000, 0x27d00000, 0x27d00000)
  from space 1600K,   7% used [0x27d00000, 0x27d1ca80, 0x27e90000)
  to   space 1600K,   0% used [0x27e90000, 0x27e90000, 0x28020000)
 tenured generation   total 32732K, used 19639K [0x2c560000, 0x2e557000, 0x37010000)
   the space 32732K,  60% used [0x2c560000, 0x2d88dce8, 0x2d88de00, 0x2e557000)
 compacting perm gen  total 12288K, used 3719K [0x37010000, 0x37c10000, 0x3b010000)
   the space 12288K,  30% used [0x37010000, 0x373b1ea0, 0x373b2000, 0x37c10000)
    ro space 10240K,  45% used [0x3b010000, 0x3b496fa8, 0x3b497000, 0x3ba10000)
    rw space 12288K,  54% used [0x3ba10000, 0x3c09a9a0, 0x3c09aa00, 0x3c610000)
Event: 16.427 GC heap after
Heap after GC invocations=13 (full 2):
 def new generation   total 14848K, used 115K [0x27010000, 0x28020000, 0x2c560000)
  eden space 13248K,   0% used [0x27010000, 0x27010000, 0x27d00000)
  from space 1600K,   7% used [0x27e90000, 0x27eacd40, 0x28020000)
  to   space 1600K,   0% used [0x27d00000, 0x27d00000, 0x27e90000)
 tenured generation   total 32732K, used 19639K [0x2c560000, 0x2e557000, 0x37010000)
   the space 32732K,  60% used [0x2c560000, 0x2d88dce8, 0x2d88de00, 0x2e557000)
 compacting perm gen  total 12288K, used 3719K [0x37010000, 0x37c10000, 0x3b010000)
   the space 12288K,  30% used [0x37010000, 0x373b1ea0, 0x373b2000, 0x37c10000)
    ro space 10240K,  45% used [0x3b010000, 0x3b496fa8, 0x3b497000, 0x3ba10000)
    rw space 12288K,  54% used [0x3ba10000, 0x3c09a9a0, 0x3c09aa00, 0x3c610000)
}
Event: 17.763 GC heap before
{Heap before GC invocations=13 (full 2):
 def new generation   total 14848K, used 13363K [0x27010000, 0x28020000, 0x2c560000)
  eden space 13248K, 100% used [0x27010000, 0x27d00000, 0x27d00000)
  from space 1600K,   7% used [0x27e90000, 0x27eacd40, 0x28020000)
  to   space 1600K,   0% used [0x27d00000, 0x27d00000, 0x27e90000)
 tenured generation   total 32732K, used 19639K [0x2c560000, 0x2e557000, 0x37010000)
   the space 32732K,  60% used [0x2c560000, 0x2d88dce8, 0x2d88de00, 0x2e557000)
 compacting perm gen  total 12288K, used 3719K [0x37010000, 0x37c10000, 0x3b010000)
   the space 12288K,  30% used [0x37010000, 0x373b1ea0, 0x373b2000, 0x37c10000)
    ro space 10240K,  45% used [0x3b010000, 0x3b496fa8, 0x3b497000, 0x3ba10000)
    rw space 12288K,  54% used [0x3ba10000, 0x3c09a9a0, 0x3c09aa00, 0x3c610000)
Event: 17.764 GC heap after
Heap after GC invocations=14 (full 2):
 def new generation   total 14848K, used 114K [0x27010000, 0x28020000, 0x2c560000)
  eden space 13248K,   0% used [0x27010000, 0x27010000, 0x27d00000)
  from space 1600K,   7% used [0x27d00000, 0x27d1ca80, 0x27e90000)
  to   space 1600K,   0% used [0x27e90000, 0x27e90000, 0x28020000)
 tenured generation   total 32732K, used 19639K [0x2c560000, 0x2e557000, 0x37010000)
   the space 32732K,  60% used [0x2c560000, 0x2d88dce8, 0x2d88de00, 0x2e557000)
 compacting perm gen  total 12288K, used 3719K [0x37010000, 0x37c10000, 0x3b010000)
   the space 12288K,  30% used [0x37010000, 0x373b1ea0, 0x373b2000, 0x37c10000)
    ro space 10240K,  45% used [0x3b010000, 0x3b496fa8, 0x3b497000, 0x3ba10000)
    rw space 12288K,  54% used [0x3ba10000, 0x3c09a9a0, 0x3c09aa00, 0x3c610000)
}
Event: 19.110 GC heap before
{Heap before GC invocations=14 (full 2):
 def new generation   total 14848K, used 13362K [0x27010000, 0x28020000, 0x2c560000)
  eden space 13248K, 100% used [0x27010000, 0x27d00000, 0x27d00000)
  from space 1600K,   7% used [0x27d00000, 0x27d1ca80, 0x27e90000)
  to   space 1600K,   0% used [0x27e90000, 0x27e90000, 0x28020000)
 tenured generation   total 32732K, used 19639K [0x2c560000, 0x2e557000, 0x37010000)
   the space 32732K,  60% used [0x2c560000, 0x2d88dce8, 0x2d88de00, 0x2e557000)
 compacting perm gen  total 12288K, used 3719K [0x37010000, 0x37c10000, 0x3b010000)
   the space 12288K,  30% used [0x37010000, 0x373b1ea0, 0x373b2000, 0x37c10000)
    ro space 10240K,  45% used [0x3b010000, 0x3b496fa8, 0x3b497000, 0x3ba10000)
    rw space 12288K,  54% used [0x3ba10000, 0x3c09a9a0, 0x3c09aa00, 0x3c610000)
Event: 19.111 GC heap after
Heap after GC invocations=15 (full 2):
 def new generation   total 14848K, used 115K [0x27010000, 0x28020000, 0x2c560000)
  eden space 13248K,   0% used [0x27010000, 0x27010000, 0x27d00000)
  from space 1600K,   7% used [0x27e90000, 0x27eace10, 0x28020000)
  to   space 1600K,   0% used [0x27d00000, 0x27d00000, 0x27e90000)
 tenured generation   total 32732K, used 19639K [0x2c560000, 0x2e557000, 0x37010000)
   the space 32732K,  60% used [0x2c560000, 0x2d88dce8, 0x2d88de00, 0x2e557000)
 compacting perm gen  total 12288K, used 3719K [0x37010000, 0x37c10000, 0x3b010000)
   the space 12288K,  30% used [0x37010000, 0x373b1ea0, 0x373b2000, 0x37c10000)
    ro space 10240K,  45% used [0x3b010000, 0x3b496fa8, 0x3b497000, 0x3ba10000)
    rw space 12288K,  54% used [0x3ba10000, 0x3c09a9a0, 0x3c09aa00, 0x3c610000)
}

