# JRE version: 7.0_13-b20
# Java VM: Java HotSpot(TM) Client VM (23.7-b01 mixed mode, sharing windows-x86 )
Heap
 def new generation   total 7616K, used 4291K [0x27010000, 0x27850000, 0x2c560000)
  eden space 6784K,  54% used [0x27010000, 0x273aae40, 0x276b0000)
  from space 832K,  72% used [0x27780000, 0x27816010, 0x27850000)
  to   space 832K,   0% used [0x276b0000, 0x276b0000, 0x27780000)
 tenured generation   total 16792K, used 16074K [0x2c560000, 0x2d5c6000, 0x37010000)
   the space 16792K,  95% used [0x2c560000, 0x2d512bb8, 0x2d512c00, 0x2d5c6000)
 compacting perm gen  total 12288K, used 3669K [0x37010000, 0x37c10000, 0x3b010000)
   the space 12288K,  29% used [0x37010000, 0x373a57e8, 0x373a5800, 0x37c10000)
    ro space 10240K,  45% used [0x3b010000, 0x3b496fa8, 0x3b497000, 0x3ba10000)
    rw space 12288K,  54% used [0x3ba10000, 0x3c09a9a0, 0x3c09aa00, 0x3c610000)
GC Heap History (10 events):
Event: 1.436 GC heap before
{Heap before GC invocations=2 (full 0):
 def new generation   total 4928K, used 4928K [0x27010000, 0x27560000, 0x2c560000)
  eden space 4416K, 100% used [0x27010000, 0x27460000, 0x27460000)
  from space 512K, 100% used [0x27460000, 0x274e0000, 0x274e0000)
  to   space 512K,   0% used [0x274e0000, 0x274e0000, 0x27560000)
 tenured generation   total 10944K, used 2488K [0x2c560000, 0x2d010000, 0x37010000)
   the space 10944K,  22% used [0x2c560000, 0x2c7ce3a0, 0x2c7ce400, 0x2d010000)
 compacting perm gen  total 12288K, used 2411K [0x37010000, 0x37c10000, 0x3b010000)
   the space 12288K,  19% used [0x37010000, 0x3726afe8, 0x3726b000, 0x37c10000)
    ro space 10240K,  45% used [0x3b010000, 0x3b496fa8, 0x3b497000, 0x3ba10000)
    rw space 12288K,  54% used [0x3ba10000, 0x3c09a9a0, 0x3c09aa00, 0x3c610000)
Event: 1.441 GC heap after
Heap after GC invocations=3 (full 0):
 def new generation   total 4928K, used 40K [0x27010000, 0x27560000, 0x2c560000)
  eden space 4416K,   0% used [0x27010000, 0x27010000, 0x27460000)
  from space 512K,   7% used [0x274e0000, 0x274ea0a8, 0x27560000)
  to   space 512K,   0% used [0x27460000, 0x27460000, 0x274e0000)
 tenured generation   total 10944K, used 6766K [0x2c560000, 0x2d010000, 0x37010000)
   the space 10944K,  61% used [0x2c560000, 0x2cbfbac0, 0x2cbfbc00, 0x2d010000)
 compacting perm gen  total 12288K, used 2411K [0x37010000, 0x37c10000, 0x3b010000)
   the space 12288K,  19% used [0x37010000, 0x3726afe8, 0x3726b000, 0x37c10000)
    ro space 10240K,  45% used [0x3b010000, 0x3b496fa8, 0x3b497000, 0x3ba10000)
    rw space 12288K,  54% used [0x3ba10000, 0x3c09a9a0, 0x3c09aa00, 0x3c610000)
}
Event: 5.747 GC heap before
{Heap before GC invocations=3 (full 0):
 def new generation   total 4928K, used 4456K [0x27010000, 0x27560000, 0x2c560000)
  eden space 4416K, 100% used [0x27010000, 0x27460000, 0x27460000)
  from space 512K,   7% used [0x274e0000, 0x274ea0a8, 0x27560000)
  to   space 512K,   0% used [0x27460000, 0x27460000, 0x274e0000)
 tenured generation   total 10944K, used 6766K [0x2c560000, 0x2d010000, 0x37010000)
   the space 10944K,  61% used [0x2c560000, 0x2cbfbac0, 0x2cbfbc00, 0x2d010000)
 compacting perm gen  total 12288K, used 3065K [0x37010000, 0x37c10000, 0x3b010000)
   the space 12288K,  24% used [0x37010000, 0x3730e6d8, 0x3730e800, 0x37c10000)
    ro space 10240K,  45% used [0x3b010000, 0x3b496fa8, 0x3b497000, 0x3ba10000)
    rw space 12288K,  54% used [0x3ba10000, 0x3c09a9a0, 0x3c09aa00, 0x3c610000)
Event: 5.751 GC heap after
Heap after GC invocations=4 (full 0):
 def new generation   total 4928K, used 512K [0x27010000, 0x27560000, 0x2c560000)
  eden space 4416K,   0% used [0x27010000, 0x27010000, 0x27460000)
  from space 512K, 100% used [0x27460000, 0x274e0000, 0x274e0000)
  to   space 512K,   0% used [0x274e0000, 0x274e0000, 0x27560000)
 tenured generation   total 10944K, used 7774K [0x2c560000, 0x2d010000, 0x37010000)
   the space 10944K,  71% used [0x2c560000, 0x2ccf7ae0, 0x2ccf7c00, 0x2d010000)
 compacting perm gen  total 12288K, used 3065K [0x37010000, 0x37c10000, 0x3b010000)
   the space 12288K,  24% used [0x37010000, 0x3730e6d8, 0x3730e800, 0x37c10000)
    ro space 10240K,  45% used [0x3b010000, 0x3b496fa8, 0x3b497000, 0x3ba10000)
    rw space 12288K,  54% used [0x3ba10000, 0x3c09a9a0, 0x3c09aa00, 0x3c610000)
}
Event: 6.952 GC heap before
{Heap before GC invocations=4 (full 0):
 def new generation   total 4928K, used 4928K [0x27010000, 0x27560000, 0x2c560000)
  eden space 4416K, 100% used [0x27010000, 0x27460000, 0x27460000)
  from space 512K, 100% used [0x27460000, 0x274e0000, 0x274e0000)
  to   space 512K,   0% used [0x274e0000, 0x274e0000, 0x27560000)
 tenured generation   total 10944K, used 7774K [0x2c560000, 0x2d010000, 0x37010000)
   the space 10944K,  71% used [0x2c560000, 0x2ccf7b78, 0x2ccf7c00, 0x2d010000)
 compacting perm gen  total 12288K, used 3635K [0x37010000, 0x37c10000, 0x3b010000)
   the space 12288K,  29% used [0x37010000, 0x3739cf28, 0x3739d000, 0x37c10000)
    ro space 10240K,  45% used [0x3b010000, 0x3b496fa8, 0x3b497000, 0x3ba10000)
    rw space 12288K,  54% used [0x3ba10000, 0x3c09a9a0, 0x3c09aa00, 0x3c610000)
Event: 6.962 GC heap after
Heap after GC invocations=5 (full 0):
 def new generation   total 4928K, used 512K [0x27010000, 0x27560000, 0x2c560000)
  eden space 4416K,   0% used [0x27010000, 0x27010000, 0x27460000)
  from space 512K, 100% used [0x274e0000, 0x27560000, 0x27560000)
  to   space 512K,   0% used [0x27460000, 0x27460000, 0x274e0000)
 tenured generation   total 10944K, used 8859K [0x2c560000, 0x2d010000, 0x37010000)
   the space 10944K,  80% used [0x2c560000, 0x2ce06dc0, 0x2ce06e00, 0x2d010000)
 compacting perm gen  total 12288K, used 3635K [0x37010000, 0x37c10000, 0x3b010000)
   the space 12288K,  29% used [0x37010000, 0x3739cf28, 0x3739d000, 0x37c10000)
    ro space 10240K,  45% used [0x3b010000, 0x3b496fa8, 0x3b497000, 0x3ba10000)
    rw space 12288K,  54% used [0x3ba10000, 0x3c09a9a0, 0x3c09aa00, 0x3c610000)
}
Event: 9.624 GC heap before
{Heap before GC invocations=5 (full 0):
 def new generation   total 4928K, used 3786K [0x27010000, 0x27560000, 0x2c560000)
  eden space 4416K,  74% used [0x27010000, 0x273429a8, 0x27460000)
  from space 512K, 100% used [0x274e0000, 0x27560000, 0x27560000)
  to   space 512K,   0% used [0x27460000, 0x27460000, 0x274e0000)
 tenured generation   total 10944K, used 8859K [0x2c560000, 0x2d010000, 0x37010000)
   the space 10944K,  80% used [0x2c560000, 0x2ce06dc0, 0x2ce06e00, 0x2d010000)
 compacting perm gen  total 12288K, used 3669K [0x37010000, 0x37c10000, 0x3b010000)
   the space 12288K,  29% used [0x37010000, 0x373a5648, 0x373a5800, 0x37c10000)
    ro space 10240K,  45% used [0x3b010000, 0x3b496fa8, 0x3b497000, 0x3ba10000)
    rw space 12288K,  54% used [0x3ba10000, 0x3c09a9a0, 0x3c09aa00, 0x3c610000)
Event: 9.665 GC heap after
Heap after GC invocations=6 (full 1):
 def new generation   total 7616K, used 0K [0x27010000, 0x27850000, 0x2c560000)
  eden space 6784K,   0% used [0x27010000, 0x27010000, 0x276b0000)
  from space 832K,   0% used [0x276b0000, 0x276b0000, 0x27780000)
  to   space 832K,   0% used [0x27780000, 0x27780000, 0x27850000)
 tenured generation   total 16792K, used 10074K [0x2c560000, 0x2d5c6000, 0x37010000)
   the space 16792K,  59% used [0x2c560000, 0x2cf36b58, 0x2cf36c00, 0x2d5c6000)
 compacting perm gen  total 12288K, used 3669K [0x37010000, 0x37c10000, 0x3b010000)
   the space 12288K,  29% used [0x37010000, 0x373a5648, 0x373a5800, 0x37c10000)
    ro space 10240K,  45% used [0x3b010000, 0x3b496fa8, 0x3b497000, 0x3ba10000)
    rw space 12288K,  54% used [0x3ba10000, 0x3c09a9a0, 0x3c09aa00, 0x3c610000)
}
Event: 9.748 GC heap before
{Heap before GC invocations=6 (full 1):
 def new generation   total 7616K, used 6631K [0x27010000, 0x27850000, 0x2c560000)
  eden space 6784K,  97% used [0x27010000, 0x27689dd8, 0x276b0000)
  from space 832K,   0% used [0x276b0000, 0x276b0000, 0x27780000)
  to   space 832K,   0% used [0x27780000, 0x27780000, 0x27850000)
 tenured generation   total 16792K, used 10074K [0x2c560000, 0x2d5c6000, 0x37010000)
   the space 16792K,  59% used [0x2c560000, 0x2cf36b58, 0x2cf36c00, 0x2d5c6000)
 compacting perm gen  total 12288K, used 3669K [0x37010000, 0x37c10000, 0x3b010000)
   the space 12288K,  29% used [0x37010000, 0x373a5648, 0x373a5800, 0x37c10000)
    ro space 10240K,  45% used [0x3b010000, 0x3b496fa8, 0x3b497000, 0x3ba10000)
    rw space 12288K,  54% used [0x3ba10000, 0x3c09a9a0, 0x3c09aa00, 0x3c610000)
Event: 9.754 GC heap after
Heap after GC invocations=7 (full 1):
 def new generation   total 7616K, used 600K [0x27010000, 0x27850000, 0x2c560000)
  eden space 6784K,   0% used [0x27010000, 0x27010000, 0x276b0000)
  from space 832K,  72% used [0x27780000, 0x27816010, 0x27850000)
  to   space 832K,   0% used [0x276b0000, 0x276b0000, 0x27780000)
 tenured generation   total 16792K, used 16074K [0x2c560000, 0x2d5c6000, 0x37010000)
   the space 16792K,  95% used [0x2c560000, 0x2d512bb8, 0x2d512c00, 0x2d5c6000)
 compacting perm gen  total 12288K, used 3669K [0x37010000, 0x37c10000, 0x3b010000)
   the space 12288K,  29% used [0x37010000, 0x373a5648, 0x373a5800, 0x37c10000)
    ro space 10240K,  45% used [0x3b010000, 0x3b496fa8, 0x3b497000, 0x3ba10000)
    rw space 12288K,  54% used [0x3ba10000, 0x3c09a9a0, 0x3c09aa00, 0x3c610000)
}

