# JRE version: 7.0_13-b20
# Java VM: Java HotSpot(TM) Client VM (23.7-b01 mixed mode, sharing windows-x86 )
Heap
 def new generation   total 7040K, used 5971K [0x27010000, 0x277b0000, 0x2c560000)
  eden space 6272K,  85% used [0x27010000, 0x2754e0e8, 0x27630000)
  from space 768K,  78% used [0x276f0000, 0x27786db8, 0x277b0000)
  to   space 768K,   0% used [0x27630000, 0x27630000, 0x276f0000)
 tenured generation   total 15448K, used 14667K [0x2c560000, 0x2d476000, 0x37010000)
   the space 15448K,  94% used [0x2c560000, 0x2d3b2f90, 0x2d3b3000, 0x2d476000)
 compacting perm gen  total 12288K, used 3655K [0x37010000, 0x37c10000, 0x3b010000)
   the space 12288K,  29% used [0x37010000, 0x373a1cd8, 0x373a1e00, 0x37c10000)
    ro space 10240K,  45% used [0x3b010000, 0x3b496fa8, 0x3b497000, 0x3ba10000)
    rw space 12288K,  54% used [0x3ba10000, 0x3c09a9a0, 0x3c09aa00, 0x3c610000)
GC Heap History (10 events):
Event: 1.257 GC heap before
{Heap before GC invocations=2 (full 0):
 def new generation   total 4928K, used 4788K [0x27010000, 0x27560000, 0x2c560000)
  eden space 4416K,  99% used [0x27010000, 0x2745fdc0, 0x27460000)
  from space 512K,  72% used [0x27460000, 0x274bd560, 0x274e0000)
  to   space 512K,   0% used [0x274e0000, 0x274e0000, 0x27560000)
 tenured generation   total 10944K, used 2621K [0x2c560000, 0x2d010000, 0x37010000)
   the space 10944K,  23% used [0x2c560000, 0x2c7ef578, 0x2c7ef600, 0x2d010000)
 compacting perm gen  total 12288K, used 2410K [0x37010000, 0x37c10000, 0x3b010000)
   the space 12288K,  19% used [0x37010000, 0x3726aa80, 0x3726ac00, 0x37c10000)
    ro space 10240K,  45% used [0x3b010000, 0x3b496fa8, 0x3b497000, 0x3ba10000)
    rw space 12288K,  54% used [0x3ba10000, 0x3c09a9a0, 0x3c09aa00, 0x3c610000)
Event: 1.263 GC heap after
Heap after GC invocations=3 (full 0):
 def new generation   total 4928K, used 23K [0x27010000, 0x27560000, 0x2c560000)
  eden space 4416K,   0% used [0x27010000, 0x27010000, 0x27460000)
  from space 512K,   4% used [0x274e0000, 0x274e5e10, 0x27560000)
  to   space 512K,   0% used [0x27460000, 0x27460000, 0x274e0000)
 tenured generation   total 10944K, used 6755K [0x2c560000, 0x2d010000, 0x37010000)
   the space 10944K,  61% used [0x2c560000, 0x2cbf8ce8, 0x2cbf8e00, 0x2d010000)
 compacting perm gen  total 12288K, used 2410K [0x37010000, 0x37c10000, 0x3b010000)
   the space 12288K,  19% used [0x37010000, 0x3726aa80, 0x3726ac00, 0x37c10000)
    ro space 10240K,  45% used [0x3b010000, 0x3b496fa8, 0x3b497000, 0x3ba10000)
    rw space 12288K,  54% used [0x3ba10000, 0x3c09a9a0, 0x3c09aa00, 0x3c610000)
}
Event: 2.340 GC heap before
{Heap before GC invocations=3 (full 0):
 def new generation   total 4928K, used 4437K [0x27010000, 0x27560000, 0x2c560000)
  eden space 4416K,  99% used [0x27010000, 0x2745f610, 0x27460000)
  from space 512K,   4% used [0x274e0000, 0x274e5e10, 0x27560000)
  to   space 512K,   0% used [0x27460000, 0x27460000, 0x274e0000)
 tenured generation   total 10944K, used 6755K [0x2c560000, 0x2d010000, 0x37010000)
   the space 10944K,  61% used [0x2c560000, 0x2cbf8ce8, 0x2cbf8e00, 0x2d010000)
 compacting perm gen  total 12288K, used 2884K [0x37010000, 0x37c10000, 0x3b010000)
   the space 12288K,  23% used [0x37010000, 0x372e11e8, 0x372e1200, 0x37c10000)
    ro space 10240K,  45% used [0x3b010000, 0x3b496fa8, 0x3b497000, 0x3ba10000)
    rw space 12288K,  54% used [0x3ba10000, 0x3c09a9a0, 0x3c09aa00, 0x3c610000)
Event: 2.344 GC heap after
Heap after GC invocations=4 (full 0):
 def new generation   total 4928K, used 512K [0x27010000, 0x27560000, 0x2c560000)
  eden space 4416K,   0% used [0x27010000, 0x27010000, 0x27460000)
  from space 512K, 100% used [0x27460000, 0x274e0000, 0x274e0000)
  to   space 512K,   0% used [0x274e0000, 0x274e0000, 0x27560000)
 tenured generation   total 10944K, used 7267K [0x2c560000, 0x2d010000, 0x37010000)
   the space 10944K,  66% used [0x2c560000, 0x2cc78c78, 0x2cc78e00, 0x2d010000)
 compacting perm gen  total 12288K, used 2884K [0x37010000, 0x37c10000, 0x3b010000)
   the space 12288K,  23% used [0x37010000, 0x372e11e8, 0x372e1200, 0x37c10000)
    ro space 10240K,  45% used [0x3b010000, 0x3b496fa8, 0x3b497000, 0x3ba10000)
    rw space 12288K,  54% used [0x3ba10000, 0x3c09a9a0, 0x3c09aa00, 0x3c610000)
}
Event: 5.563 GC heap before
{Heap before GC invocations=4 (full 0):
 def new generation   total 4928K, used 4928K [0x27010000, 0x27560000, 0x2c560000)
  eden space 4416K, 100% used [0x27010000, 0x27460000, 0x27460000)
  from space 512K, 100% used [0x27460000, 0x274e0000, 0x274e0000)
  to   space 512K,   0% used [0x274e0000, 0x274e0000, 0x27560000)
 tenured generation   total 10944K, used 7267K [0x2c560000, 0x2d010000, 0x37010000)
   the space 10944K,  66% used [0x2c560000, 0x2cc78c78, 0x2cc78e00, 0x2d010000)
 compacting perm gen  total 12288K, used 3601K [0x37010000, 0x37c10000, 0x3b010000)
   the space 12288K,  29% used [0x37010000, 0x373946e0, 0x37394800, 0x37c10000)
    ro space 10240K,  45% used [0x3b010000, 0x3b496fa8, 0x3b497000, 0x3ba10000)
    rw space 12288K,  54% used [0x3ba10000, 0x3c09a9a0, 0x3c09aa00, 0x3c610000)
Event: 5.567 GC heap after
Heap after GC invocations=5 (full 0):
 def new generation   total 4928K, used 512K [0x27010000, 0x27560000, 0x2c560000)
  eden space 4416K,   0% used [0x27010000, 0x27010000, 0x27460000)
  from space 512K, 100% used [0x274e0000, 0x27560000, 0x27560000)
  to   space 512K,   0% used [0x27460000, 0x27460000, 0x274e0000)
 tenured generation   total 10944K, used 8874K [0x2c560000, 0x2d010000, 0x37010000)
   the space 10944K,  81% used [0x2c560000, 0x2ce0ab10, 0x2ce0ac00, 0x2d010000)
 compacting perm gen  total 12288K, used 3601K [0x37010000, 0x37c10000, 0x3b010000)
   the space 12288K,  29% used [0x37010000, 0x373946e0, 0x37394800, 0x37c10000)
    ro space 10240K,  45% used [0x3b010000, 0x3b496fa8, 0x3b497000, 0x3ba10000)
    rw space 12288K,  54% used [0x3ba10000, 0x3c09a9a0, 0x3c09aa00, 0x3c610000)
}
Event: 8.238 GC heap before
{Heap before GC invocations=5 (full 0):
 def new generation   total 4928K, used 4686K [0x27010000, 0x27560000, 0x2c560000)
  eden space 4416K,  94% used [0x27010000, 0x274239e8, 0x27460000)
  from space 512K, 100% used [0x274e0000, 0x27560000, 0x27560000)
  to   space 512K,   0% used [0x27460000, 0x27460000, 0x274e0000)
 tenured generation   total 10944K, used 8874K [0x2c560000, 0x2d010000, 0x37010000)
   the space 10944K,  81% used [0x2c560000, 0x2ce0ab10, 0x2ce0ac00, 0x2d010000)
 compacting perm gen  total 12288K, used 3649K [0x37010000, 0x37c10000, 0x3b010000)
   the space 12288K,  29% used [0x37010000, 0x373a0590, 0x373a0600, 0x37c10000)
    ro space 10240K,  45% used [0x3b010000, 0x3b496fa8, 0x3b497000, 0x3ba10000)
    rw space 12288K,  54% used [0x3ba10000, 0x3c09a9a0, 0x3c09aa00, 0x3c610000)
Event: 8.282 GC heap after
Heap after GC invocations=6 (full 1):
 def new generation   total 7040K, used 0K [0x27010000, 0x277b0000, 0x2c560000)
  eden space 6272K,   0% used [0x27010000, 0x27010000, 0x27630000)
  from space 768K,   0% used [0x27630000, 0x27630000, 0x276f0000)
  to   space 768K,   0% used [0x276f0000, 0x276f0000, 0x277b0000)
 tenured generation   total 15448K, used 9267K [0x2c560000, 0x2d476000, 0x37010000)
   the space 15448K,  59% used [0x2c560000, 0x2ce6cf30, 0x2ce6d000, 0x2d476000)
 compacting perm gen  total 12288K, used 3649K [0x37010000, 0x37c10000, 0x3b010000)
   the space 12288K,  29% used [0x37010000, 0x373a0590, 0x373a0600, 0x37c10000)
    ro space 10240K,  45% used [0x3b010000, 0x3b496fa8, 0x3b497000, 0x3ba10000)
    rw space 12288K,  54% used [0x3ba10000, 0x3c09a9a0, 0x3c09aa00, 0x3c610000)
}
Event: 8.394 GC heap before
{Heap before GC invocations=6 (full 1):
 def new generation   total 7040K, used 6122K [0x27010000, 0x277b0000, 0x2c560000)
  eden space 6272K,  97% used [0x27010000, 0x2760a968, 0x27630000)
  from space 768K,   0% used [0x27630000, 0x27630000, 0x276f0000)
  to   space 768K,   0% used [0x276f0000, 0x276f0000, 0x277b0000)
 tenured generation   total 15448K, used 9267K [0x2c560000, 0x2d476000, 0x37010000)
   the space 15448K,  59% used [0x2c560000, 0x2ce6cf30, 0x2ce6d000, 0x2d476000)
 compacting perm gen  total 12288K, used 3652K [0x37010000, 0x37c10000, 0x3b010000)
   the space 12288K,  29% used [0x37010000, 0x373a11c0, 0x373a1200, 0x37c10000)
    ro space 10240K,  45% used [0x3b010000, 0x3b496fa8, 0x3b497000, 0x3ba10000)
    rw space 12288K,  54% used [0x3ba10000, 0x3c09a9a0, 0x3c09aa00, 0x3c610000)
Event: 8.402 GC heap after
Heap after GC invocations=7 (full 1):
 def new generation   total 7040K, used 603K [0x27010000, 0x277b0000, 0x2c560000)
  eden space 6272K,   0% used [0x27010000, 0x27010000, 0x27630000)
  from space 768K,  78% used [0x276f0000, 0x27786db8, 0x277b0000)
  to   space 768K,   0% used [0x27630000, 0x27630000, 0x276f0000)
 tenured generation   total 15448K, used 14667K [0x2c560000, 0x2d476000, 0x37010000)
   the space 15448K,  94% used [0x2c560000, 0x2d3b2f90, 0x2d3b3000, 0x2d476000)
 compacting perm gen  total 12288K, used 3652K [0x37010000, 0x37c10000, 0x3b010000)
   the space 12288K,  29% used [0x37010000, 0x373a11c0, 0x373a1200, 0x37c10000)
    ro space 10240K,  45% used [0x3b010000, 0x3b496fa8, 0x3b497000, 0x3ba10000)
    rw space 12288K,  54% used [0x3ba10000, 0x3c09a9a0, 0x3c09aa00, 0x3c610000)
}

