# JRE version: 7.0_13-b20
# Java VM: Java HotSpot(TM) Client VM (23.7-b01 mixed mode, sharing windows-x86 )
Heap
 def new generation   total 8064K, used 2719K [0x27010000, 0x278d0000, 0x2c560000)
  eden space 7168K,  29% used [0x27010000, 0x27221f48, 0x27710000)
  from space 896K,  66% used [0x277f0000, 0x27886090, 0x278d0000)
  to   space 896K,   0% used [0x27710000, 0x27710000, 0x277f0000)
 tenured generation   total 17812K, used 16686K [0x2c560000, 0x2d6c5000, 0x37010000)
   the space 17812K,  93% used [0x2c560000, 0x2d5aba50, 0x2d5abc00, 0x2d6c5000)
 compacting perm gen  total 12288K, used 3497K [0x37010000, 0x37c10000, 0x3b010000)
   the space 12288K,  28% used [0x37010000, 0x3737a580, 0x3737a600, 0x37c10000)
    ro space 10240K,  45% used [0x3b010000, 0x3b496fa8, 0x3b497000, 0x3ba10000)
    rw space 12288K,  54% used [0x3ba10000, 0x3c09a9a0, 0x3c09aa00, 0x3c610000)
GC Heap History (10 events):
Event: 1.865 GC heap before
{Heap before GC invocations=2 (full 0):
 def new generation   total 4928K, used 4913K [0x27010000, 0x27560000, 0x2c560000)
  eden space 4416K, 100% used [0x27010000, 0x27460000, 0x27460000)
  from space 512K,  97% used [0x27460000, 0x274dc400, 0x274e0000)
  to   space 512K,   0% used [0x274e0000, 0x274e0000, 0x27560000)
 tenured generation   total 10944K, used 2335K [0x2c560000, 0x2d010000, 0x37010000)
   the space 10944K,  21% used [0x2c560000, 0x2c7a7ff0, 0x2c7a8000, 0x2d010000)
 compacting perm gen  total 12288K, used 2284K [0x37010000, 0x37c10000, 0x3b010000)
   the space 12288K,  18% used [0x37010000, 0x3724b390, 0x3724b400, 0x37c10000)
    ro space 10240K,  45% used [0x3b010000, 0x3b496fa8, 0x3b497000, 0x3ba10000)
    rw space 12288K,  54% used [0x3ba10000, 0x3c09a9a0, 0x3c09aa00, 0x3c610000)
Event: 1.869 GC heap after
Heap after GC invocations=3 (full 0):
 def new generation   total 4928K, used 30K [0x27010000, 0x27560000, 0x2c560000)
  eden space 4416K,   0% used [0x27010000, 0x27010000, 0x27460000)
  from space 512K,   6% used [0x274e0000, 0x274e7b38, 0x27560000)
  to   space 512K,   0% used [0x27460000, 0x27460000, 0x274e0000)
 tenured generation   total 10944K, used 6597K [0x2c560000, 0x2d010000, 0x37010000)
   the space 10944K,  60% used [0x2c560000, 0x2cbd1628, 0x2cbd1800, 0x2d010000)
 compacting perm gen  total 12288K, used 2284K [0x37010000, 0x37c10000, 0x3b010000)
   the space 12288K,  18% used [0x37010000, 0x3724b390, 0x3724b400, 0x37c10000)
    ro space 10240K,  45% used [0x3b010000, 0x3b496fa8, 0x3b497000, 0x3ba10000)
    rw space 12288K,  54% used [0x3ba10000, 0x3c09a9a0, 0x3c09aa00, 0x3c610000)
}
Event: 7.073 GC heap before
{Heap before GC invocations=3 (full 0):
 def new generation   total 4928K, used 4446K [0x27010000, 0x27560000, 0x2c560000)
  eden space 4416K, 100% used [0x27010000, 0x27460000, 0x27460000)
  from space 512K,   6% used [0x274e0000, 0x274e7b38, 0x27560000)
  to   space 512K,   0% used [0x27460000, 0x27460000, 0x274e0000)
 tenured generation   total 10944K, used 6597K [0x2c560000, 0x2d010000, 0x37010000)
   the space 10944K,  60% used [0x2c560000, 0x2cbd1628, 0x2cbd1800, 0x2d010000)
 compacting perm gen  total 12288K, used 2926K [0x37010000, 0x37c10000, 0x3b010000)
   the space 12288K,  23% used [0x37010000, 0x372eb808, 0x372eba00, 0x37c10000)
    ro space 10240K,  45% used [0x3b010000, 0x3b496fa8, 0x3b497000, 0x3ba10000)
    rw space 12288K,  54% used [0x3ba10000, 0x3c09a9a0, 0x3c09aa00, 0x3c610000)
Event: 7.077 GC heap after
Heap after GC invocations=4 (full 0):
 def new generation   total 4928K, used 512K [0x27010000, 0x27560000, 0x2c560000)
  eden space 4416K,   0% used [0x27010000, 0x27010000, 0x27460000)
  from space 512K, 100% used [0x27460000, 0x274e0000, 0x274e0000)
  to   space 512K,   0% used [0x274e0000, 0x274e0000, 0x27560000)
 tenured generation   total 10944K, used 7610K [0x2c560000, 0x2d010000, 0x37010000)
   the space 10944K,  69% used [0x2c560000, 0x2cccebd8, 0x2cccec00, 0x2d010000)
 compacting perm gen  total 12288K, used 2926K [0x37010000, 0x37c10000, 0x3b010000)
   the space 12288K,  23% used [0x37010000, 0x372eb808, 0x372eba00, 0x37c10000)
    ro space 10240K,  45% used [0x3b010000, 0x3b496fa8, 0x3b497000, 0x3ba10000)
    rw space 12288K,  54% used [0x3ba10000, 0x3c09a9a0, 0x3c09aa00, 0x3c610000)
}
Event: 9.086 GC heap before
{Heap before GC invocations=4 (full 0):
 def new generation   total 4928K, used 4928K [0x27010000, 0x27560000, 0x2c560000)
  eden space 4416K, 100% used [0x27010000, 0x27460000, 0x27460000)
  from space 512K, 100% used [0x27460000, 0x274e0000, 0x274e0000)
  to   space 512K,   0% used [0x274e0000, 0x274e0000, 0x27560000)
 tenured generation   total 10944K, used 7610K [0x2c560000, 0x2d010000, 0x37010000)
   the space 10944K,  69% used [0x2c560000, 0x2cccebd8, 0x2cccec00, 0x2d010000)
 compacting perm gen  total 12288K, used 3488K [0x37010000, 0x37c10000, 0x3b010000)
   the space 12288K,  28% used [0x37010000, 0x373780b0, 0x37378200, 0x37c10000)
    ro space 10240K,  45% used [0x3b010000, 0x3b496fa8, 0x3b497000, 0x3ba10000)
    rw space 12288K,  54% used [0x3ba10000, 0x3c09a9a0, 0x3c09aa00, 0x3c610000)
Event: 9.090 GC heap after
Heap after GC invocations=5 (full 0):
 def new generation   total 4928K, used 512K [0x27010000, 0x27560000, 0x2c560000)
  eden space 4416K,   0% used [0x27010000, 0x27010000, 0x27460000)
  from space 512K, 100% used [0x274e0000, 0x27560000, 0x27560000)
  to   space 512K,   0% used [0x27460000, 0x27460000, 0x274e0000)
 tenured generation   total 10944K, used 9212K [0x2c560000, 0x2d010000, 0x37010000)
   the space 10944K,  84% used [0x2c560000, 0x2ce5f0d0, 0x2ce5f200, 0x2d010000)
 compacting perm gen  total 12288K, used 3488K [0x37010000, 0x37c10000, 0x3b010000)
   the space 12288K,  28% used [0x37010000, 0x373780b0, 0x37378200, 0x37c10000)
    ro space 10240K,  45% used [0x3b010000, 0x3b496fa8, 0x3b497000, 0x3ba10000)
    rw space 12288K,  54% used [0x3ba10000, 0x3c09a9a0, 0x3c09aa00, 0x3c610000)
}
Event: 17.885 GC heap before
{Heap before GC invocations=5 (full 0):
 def new generation   total 4928K, used 4920K [0x27010000, 0x27560000, 0x2c560000)
  eden space 4416K,  99% used [0x27010000, 0x2745e028, 0x27460000)
  from space 512K, 100% used [0x274e0000, 0x27560000, 0x27560000)
  to   space 512K,   0% used [0x27460000, 0x27460000, 0x274e0000)
 tenured generation   total 10944K, used 9212K [0x2c560000, 0x2d010000, 0x37010000)
   the space 10944K,  84% used [0x2c560000, 0x2ce5f0d0, 0x2ce5f200, 0x2d010000)
 compacting perm gen  total 12288K, used 3497K [0x37010000, 0x37c10000, 0x3b010000)
   the space 12288K,  28% used [0x37010000, 0x3737a400, 0x3737a400, 0x37c10000)
    ro space 10240K,  45% used [0x3b010000, 0x3b496fa8, 0x3b497000, 0x3ba10000)
    rw space 12288K,  54% used [0x3ba10000, 0x3c09a9a0, 0x3c09aa00, 0x3c610000)
Event: 17.920 GC heap after
Heap after GC invocations=6 (full 1):
 def new generation   total 8064K, used 0K [0x27010000, 0x278d0000, 0x2c560000)
  eden space 7168K,   0% used [0x27010000, 0x27010000, 0x27710000)
  from space 896K,   0% used [0x27710000, 0x27710000, 0x277f0000)
  to   space 896K,   0% used [0x277f0000, 0x277f0000, 0x278d0000)
 tenured generation   total 17812K, used 10686K [0x2c560000, 0x2d6c5000, 0x37010000)
   the space 17812K,  59% used [0x2c560000, 0x2cfcf9e0, 0x2cfcfa00, 0x2d6c5000)
 compacting perm gen  total 12288K, used 3497K [0x37010000, 0x37c10000, 0x3b010000)
   the space 12288K,  28% used [0x37010000, 0x3737a400, 0x3737a400, 0x37c10000)
    ro space 10240K,  45% used [0x3b010000, 0x3b496fa8, 0x3b497000, 0x3ba10000)
    rw space 12288K,  54% used [0x3ba10000, 0x3c09a9a0, 0x3c09aa00, 0x3c610000)
}
Event: 18.056 GC heap before
{Heap before GC invocations=6 (full 1):
 def new generation   total 8064K, used 6636K [0x27010000, 0x278d0000, 0x2c560000)
  eden space 7168K,  92% used [0x27010000, 0x2768b2c0, 0x27710000)
  from space 896K,   0% used [0x27710000, 0x27710000, 0x277f0000)
  to   space 896K,   0% used [0x277f0000, 0x277f0000, 0x278d0000)
 tenured generation   total 17812K, used 10686K [0x2c560000, 0x2d6c5000, 0x37010000)
   the space 17812K,  59% used [0x2c560000, 0x2cfcf9e0, 0x2cfcfa00, 0x2d6c5000)
 compacting perm gen  total 12288K, used 3497K [0x37010000, 0x37c10000, 0x3b010000)
   the space 12288K,  28% used [0x37010000, 0x3737a580, 0x3737a600, 0x37c10000)
    ro space 10240K,  45% used [0x3b010000, 0x3b496fa8, 0x3b497000, 0x3ba10000)
    rw space 12288K,  54% used [0x3ba10000, 0x3c09a9a0, 0x3c09aa00, 0x3c610000)
Event: 18.061 GC heap after
Heap after GC invocations=7 (full 1):
 def new generation   total 8064K, used 600K [0x27010000, 0x278d0000, 0x2c560000)
  eden space 7168K,   0% used [0x27010000, 0x27010000, 0x27710000)
  from space 896K,  66% used [0x277f0000, 0x27886090, 0x278d0000)
  to   space 896K,   0% used [0x27710000, 0x27710000, 0x277f0000)
 tenured generation   total 17812K, used 16686K [0x2c560000, 0x2d6c5000, 0x37010000)
   the space 17812K,  93% used [0x2c560000, 0x2d5aba50, 0x2d5abc00, 0x2d6c5000)
 compacting perm gen  total 12288K, used 3497K [0x37010000, 0x37c10000, 0x3b010000)
   the space 12288K,  28% used [0x37010000, 0x3737a580, 0x3737a600, 0x37c10000)
    ro space 10240K,  45% used [0x3b010000, 0x3b496fa8, 0x3b497000, 0x3ba10000)
    rw space 12288K,  54% used [0x3ba10000, 0x3c09a9a0, 0x3c09aa00, 0x3c610000)
}

