# JRE version: 7.0_13-b20
# Java VM: Java HotSpot(TM) Client VM (23.7-b01 mixed mode, sharing windows-x86 )
Heap
 def new generation   total 13056K, used 3961K [0x27010000, 0x27e30000, 0x2c560000)
  eden space 11648K,  21% used [0x27010000, 0x2728e480, 0x27b70000)
  from space 1408K, 100% used [0x27cd0000, 0x27e30000, 0x27e30000)
  to   space 1408K,   0% used [0x27b70000, 0x27b70000, 0x27cd0000)
 tenured generation   total 28740K, used 22125K [0x2c560000, 0x2e171000, 0x37010000)
   the space 28740K,  76% used [0x2c560000, 0x2dafb728, 0x2dafb800, 0x2e171000)
 compacting perm gen  total 12288K, used 5180K [0x37010000, 0x37c10000, 0x3b010000)
   the space 12288K,  42% used [0x37010000, 0x3751f108, 0x3751f200, 0x37c10000)
    ro space 10240K,  45% used [0x3b010000, 0x3b496fa8, 0x3b497000, 0x3ba10000)
    rw space 12288K,  54% used [0x3ba10000, 0x3c09a9a0, 0x3c09aa00, 0x3c610000)
GC Heap History (10 events):
Event: 383.980 GC heap before
{Heap before GC invocations=176 (full 3):
 def new generation   total 10496K, used 9836K [0x27010000, 0x27b70000, 0x2c560000)
  eden space 9344K, 100% used [0x27010000, 0x27930000, 0x27930000)
  from space 1152K,  42% used [0x27930000, 0x279ab078, 0x27a50000)
  to   space 1152K,   0% used [0x27a50000, 0x27a50000, 0x27b70000)
 tenured generation   total 23096K, used 16341K [0x2c560000, 0x2dbee000, 0x37010000)
   the space 23096K,  70% used [0x2c560000, 0x2d5554d8, 0x2d555600, 0x2dbee000)
 compacting perm gen  total 12288K, used 5074K [0x37010000, 0x37c10000, 0x3b010000)
   the space 12288K,  41% used [0x37010000, 0x37504868, 0x37504a00, 0x37c10000)
    ro space 10240K,  45% used [0x3b010000, 0x3b496fa8, 0x3b497000, 0x3ba10000)
    rw space 12288K,  54% used [0x3ba10000, 0x3c09a9a0, 0x3c09aa00, 0x3c610000)
Event: 383.981 GC heap after
Heap after GC invocations=177 (full 3):
 def new generation   total 10496K, used 506K [0x27010000, 0x27b70000, 0x2c560000)
  eden space 9344K,   0% used [0x27010000, 0x27010000, 0x27930000)
  from space 1152K,  43% used [0x27a50000, 0x27ace8c8, 0x27b70000)
  to   space 1152K,   0% used [0x27930000, 0x27930000, 0x27a50000)
 tenured generation   total 23096K, used 16341K [0x2c560000, 0x2dbee000, 0x37010000)
   the space 23096K,  70% used [0x2c560000, 0x2d5554d8, 0x2d555600, 0x2dbee000)
 compacting perm gen  total 12288K, used 5074K [0x37010000, 0x37c10000, 0x3b010000)
   the space 12288K,  41% used [0x37010000, 0x37504868, 0x37504a00, 0x37c10000)
    ro space 10240K,  45% used [0x3b010000, 0x3b496fa8, 0x3b497000, 0x3ba10000)
    rw space 12288K,  54% used [0x3ba10000, 0x3c09a9a0, 0x3c09aa00, 0x3c610000)
}
Event: 385.210 GC heap before
{Heap before GC invocations=177 (full 3):
 def new generation   total 10496K, used 9850K [0x27010000, 0x27b70000, 0x2c560000)
  eden space 9344K, 100% used [0x27010000, 0x27930000, 0x27930000)
  from space 1152K,  43% used [0x27a50000, 0x27ace8c8, 0x27b70000)
  to   space 1152K,   0% used [0x27930000, 0x27930000, 0x27a50000)
 tenured generation   total 23096K, used 16341K [0x2c560000, 0x2dbee000, 0x37010000)
   the space 23096K,  70% used [0x2c560000, 0x2d5554d8, 0x2d555600, 0x2dbee000)
 compacting perm gen  total 12288K, used 5074K [0x37010000, 0x37c10000, 0x3b010000)
   the space 12288K,  41% used [0x37010000, 0x37504868, 0x37504a00, 0x37c10000)
    ro space 10240K,  45% used [0x3b010000, 0x3b496fa8, 0x3b497000, 0x3ba10000)
    rw space 12288K,  54% used [0x3ba10000, 0x3c09a9a0, 0x3c09aa00, 0x3c610000)
Event: 385.211 GC heap after
Heap after GC invocations=178 (full 3):
 def new generation   total 10496K, used 508K [0x27010000, 0x27b70000, 0x2c560000)
  eden space 9344K,   0% used [0x27010000, 0x27010000, 0x27930000)
  from space 1152K,  44% used [0x27930000, 0x279af100, 0x27a50000)
  to   space 1152K,   0% used [0x27a50000, 0x27a50000, 0x27b70000)
 tenured generation   total 23096K, used 16341K [0x2c560000, 0x2dbee000, 0x37010000)
   the space 23096K,  70% used [0x2c560000, 0x2d5554d8, 0x2d555600, 0x2dbee000)
 compacting perm gen  total 12288K, used 5074K [0x37010000, 0x37c10000, 0x3b010000)
   the space 12288K,  41% used [0x37010000, 0x37504868, 0x37504a00, 0x37c10000)
    ro space 10240K,  45% used [0x3b010000, 0x3b496fa8, 0x3b497000, 0x3ba10000)
    rw space 12288K,  54% used [0x3ba10000, 0x3c09a9a0, 0x3c09aa00, 0x3c610000)
}
Event: 392.687 GC heap before
{Heap before GC invocations=178 (full 3):
 def new generation   total 10496K, used 9852K [0x27010000, 0x27b70000, 0x2c560000)
  eden space 9344K, 100% used [0x27010000, 0x27930000, 0x27930000)
  from space 1152K,  44% used [0x27930000, 0x279af100, 0x27a50000)
  to   space 1152K,   0% used [0x27a50000, 0x27a50000, 0x27b70000)
 tenured generation   total 23096K, used 16341K [0x2c560000, 0x2dbee000, 0x37010000)
   the space 23096K,  70% used [0x2c560000, 0x2d5554d8, 0x2d555600, 0x2dbee000)
 compacting perm gen  total 12288K, used 5198K [0x37010000, 0x37c10000, 0x3b010000)
   the space 12288K,  42% used [0x37010000, 0x375238b8, 0x37523a00, 0x37c10000)
    ro space 10240K,  45% used [0x3b010000, 0x3b496fa8, 0x3b497000, 0x3ba10000)
    rw space 12288K,  54% used [0x3ba10000, 0x3c09a9a0, 0x3c09aa00, 0x3c610000)
Event: 392.691 GC heap after
Heap after GC invocations=179 (full 3):
 def new generation   total 10496K, used 1152K [0x27010000, 0x27b70000, 0x2c560000)
  eden space 9344K,   0% used [0x27010000, 0x27010000, 0x27930000)
  from space 1152K, 100% used [0x27a50000, 0x27b70000, 0x27b70000)
  to   space 1152K,   0% used [0x27930000, 0x27930000, 0x27a50000)
 tenured generation   total 23096K, used 16843K [0x2c560000, 0x2dbee000, 0x37010000)
   the space 23096K,  72% used [0x2c560000, 0x2d5d2fd0, 0x2d5d3000, 0x2dbee000)
 compacting perm gen  total 12288K, used 5198K [0x37010000, 0x37c10000, 0x3b010000)
   the space 12288K,  42% used [0x37010000, 0x375238b8, 0x37523a00, 0x37c10000)
    ro space 10240K,  45% used [0x3b010000, 0x3b496fa8, 0x3b497000, 0x3ba10000)
    rw space 12288K,  54% used [0x3ba10000, 0x3c09a9a0, 0x3c09aa00, 0x3c610000)
}
Event: 397.211 GC heap before
{Heap before GC invocations=179 (full 3):
 def new generation   total 10496K, used 9809K [0x27010000, 0x27b70000, 0x2c560000)
  eden space 9344K,  92% used [0x27010000, 0x278844e0, 0x27930000)
  from space 1152K, 100% used [0x27a50000, 0x27b70000, 0x27b70000)
  to   space 1152K,   0% used [0x27930000, 0x27930000, 0x27a50000)
 tenured generation   total 23096K, used 16843K [0x2c560000, 0x2dbee000, 0x37010000)
   the space 23096K,  72% used [0x2c560000, 0x2d5d2fd0, 0x2d5d3000, 0x2dbee000)
 compacting perm gen  total 12288K, used 5228K [0x37010000, 0x37c10000, 0x3b010000)
   the space 12288K,  42% used [0x37010000, 0x3752b0b0, 0x3752b200, 0x37c10000)
    ro space 10240K,  45% used [0x3b010000, 0x3b496fa8, 0x3b497000, 0x3ba10000)
    rw space 12288K,  54% used [0x3ba10000, 0x3c09a9a0, 0x3c09aa00, 0x3c610000)
Event: 397.254 GC heap after
Heap after GC invocations=180 (full 4):
 def new generation   total 13056K, used 0K [0x27010000, 0x27e30000, 0x2c560000)
  eden space 11648K,   0% used [0x27010000, 0x27010000, 0x27b70000)
  from space 1408K,   0% used [0x27b70000, 0x27b70000, 0x27cd0000)
  to   space 1408K,   0% used [0x27cd0000, 0x27cd0000, 0x27e30000)
 tenured generation   total 28740K, used 17243K [0x2c560000, 0x2e171000, 0x37010000)
   the space 28740K,  59% used [0x2c560000, 0x2d636f78, 0x2d637000, 0x2e171000)
 compacting perm gen  total 12288K, used 5178K [0x37010000, 0x37c10000, 0x3b010000)
   the space 12288K,  42% used [0x37010000, 0x3751ebc0, 0x3751ec00, 0x37c10000)
    ro space 10240K,  45% used [0x3b010000, 0x3b496fa8, 0x3b497000, 0x3ba10000)
    rw space 12288K,  54% used [0x3ba10000, 0x3c09a9a0, 0x3c09aa00, 0x3c610000)
}
Event: 409.420 GC heap before
{Heap before GC invocations=180 (full 4):
 def new generation   total 13056K, used 11648K [0x27010000, 0x27e30000, 0x2c560000)
  eden space 11648K, 100% used [0x27010000, 0x27b70000, 0x27b70000)
  from space 1408K,   0% used [0x27b70000, 0x27b70000, 0x27cd0000)
  to   space 1408K,   0% used [0x27cd0000, 0x27cd0000, 0x27e30000)
 tenured generation   total 28740K, used 17243K [0x2c560000, 0x2e171000, 0x37010000)
   the space 28740K,  59% used [0x2c560000, 0x2d636f78, 0x2d637000, 0x2e171000)
 compacting perm gen  total 12288K, used 5178K [0x37010000, 0x37c10000, 0x3b010000)
   the space 12288K,  42% used [0x37010000, 0x3751ebf0, 0x3751ec00, 0x37c10000)
    ro space 10240K,  45% used [0x3b010000, 0x3b496fa8, 0x3b497000, 0x3ba10000)
    rw space 12288K,  54% used [0x3ba10000, 0x3c09a9a0, 0x3c09aa00, 0x3c610000)
Event: 409.424 GC heap after
Heap after GC invocations=181 (full 4):
 def new generation   total 13056K, used 1408K [0x27010000, 0x27e30000, 0x2c560000)
  eden space 11648K,   0% used [0x27010000, 0x27010000, 0x27b70000)
  from space 1408K, 100% used [0x27cd0000, 0x27e30000, 0x27e30000)
  to   space 1408K,   0% used [0x27b70000, 0x27b70000, 0x27cd0000)
 tenured generation   total 28740K, used 22125K [0x2c560000, 0x2e171000, 0x37010000)
   the space 28740K,  76% used [0x2c560000, 0x2dafb728, 0x2dafb800, 0x2e171000)
 compacting perm gen  total 12288K, used 5178K [0x37010000, 0x37c10000, 0x3b010000)
   the space 12288K,  42% used [0x37010000, 0x3751ebf0, 0x3751ec00, 0x37c10000)
    ro space 10240K,  45% used [0x3b010000, 0x3b496fa8, 0x3b497000, 0x3ba10000)
    rw space 12288K,  54% used [0x3ba10000, 0x3c09a9a0, 0x3c09aa00, 0x3c610000)
}

