# JRE version: 7.0_13-b20
# Java VM: Java HotSpot(TM) Client VM (23.7-b01 mixed mode, sharing windows-x86 )
Heap
 def new generation   total 8832K, used 3669K [0x27010000, 0x279a0000, 0x2c560000)
  eden space 7872K,  38% used [0x27010000, 0x2730f1d8, 0x277c0000)
  from space 960K,  62% used [0x278b0000, 0x27946258, 0x279a0000)
  to   space 960K,   0% used [0x277c0000, 0x277c0000, 0x278b0000)
 tenured generation   total 19416K, used 18847K [0x2c560000, 0x2d856000, 0x37010000)
   the space 19416K,  97% used [0x2c560000, 0x2d7c7d88, 0x2d7c7e00, 0x2d856000)
 compacting perm gen  total 12288K, used 3490K [0x37010000, 0x37c10000, 0x3b010000)
   the space 12288K,  28% used [0x37010000, 0x37378958, 0x37378a00, 0x37c10000)
    ro space 10240K,  45% used [0x3b010000, 0x3b496fa8, 0x3b497000, 0x3ba10000)
    rw space 12288K,  54% used [0x3ba10000, 0x3c09a9a0, 0x3c09aa00, 0x3c610000)
GC Heap History (10 events):
Event: 5.307 GC heap before
{Heap before GC invocations=3 (full 0):
 def new generation   total 4928K, used 4188K [0x27010000, 0x27560000, 0x2c560000)
  eden space 4416K,  94% used [0x27010000, 0x2741ef58, 0x27460000)
  from space 512K,   6% used [0x274e0000, 0x274e82b8, 0x27560000)
  to   space 512K,   0% used [0x27460000, 0x27460000, 0x274e0000)
 tenured generation   total 10944K, used 6568K [0x2c560000, 0x2d010000, 0x37010000)
   the space 10944K,  60% used [0x2c560000, 0x2cbca3d0, 0x2cbca400, 0x2d010000)
 compacting perm gen  total 12288K, used 2813K [0x37010000, 0x37c10000, 0x3b010000)
   the space 12288K,  22% used [0x37010000, 0x372cf508, 0x372cf600, 0x37c10000)
    ro space 10240K,  45% used [0x3b010000, 0x3b496fa8, 0x3b497000, 0x3ba10000)
    rw space 12288K,  54% used [0x3ba10000, 0x3c09a9a0, 0x3c09aa00, 0x3c610000)
Event: 5.314 GC heap after
Heap after GC invocations=4 (full 0):
 def new generation   total 4928K, used 512K [0x27010000, 0x27560000, 0x2c560000)
  eden space 4416K,   0% used [0x27010000, 0x27010000, 0x27460000)
  from space 512K, 100% used [0x27460000, 0x274e0000, 0x274e0000)
  to   space 512K,   0% used [0x274e0000, 0x274e0000, 0x27560000)
 tenured generation   total 10944K, used 7041K [0x2c560000, 0x2d010000, 0x37010000)
   the space 10944K,  64% used [0x2c560000, 0x2cc407b8, 0x2cc40800, 0x2d010000)
 compacting perm gen  total 12288K, used 2813K [0x37010000, 0x37c10000, 0x3b010000)
   the space 12288K,  22% used [0x37010000, 0x372cf508, 0x372cf600, 0x37c10000)
    ro space 10240K,  45% used [0x3b010000, 0x3b496fa8, 0x3b497000, 0x3ba10000)
    rw space 12288K,  54% used [0x3ba10000, 0x3c09a9a0, 0x3c09aa00, 0x3c610000)
}
Event: 5.541 GC heap before
{Heap before GC invocations=4 (full 0):
 def new generation   total 4928K, used 4928K [0x27010000, 0x27560000, 0x2c560000)
  eden space 4416K, 100% used [0x27010000, 0x27460000, 0x27460000)
  from space 512K, 100% used [0x27460000, 0x274e0000, 0x274e0000)
  to   space 512K,   0% used [0x274e0000, 0x274e0000, 0x27560000)
 tenured generation   total 10944K, used 7041K [0x2c560000, 0x2d010000, 0x37010000)
   the space 10944K,  64% used [0x2c560000, 0x2cc407b8, 0x2cc40800, 0x2d010000)
 compacting perm gen  total 12288K, used 3439K [0x37010000, 0x37c10000, 0x3b010000)
   the space 12288K,  27% used [0x37010000, 0x3736be68, 0x3736c000, 0x37c10000)
    ro space 10240K,  45% used [0x3b010000, 0x3b496fa8, 0x3b497000, 0x3ba10000)
    rw space 12288K,  54% used [0x3ba10000, 0x3c09a9a0, 0x3c09aa00, 0x3c610000)
Event: 5.545 GC heap after
Heap after GC invocations=5 (full 0):
 def new generation   total 4928K, used 512K [0x27010000, 0x27560000, 0x2c560000)
  eden space 4416K,   0% used [0x27010000, 0x27010000, 0x27460000)
  from space 512K, 100% used [0x274e0000, 0x27560000, 0x27560000)
  to   space 512K,   0% used [0x27460000, 0x27460000, 0x274e0000)
 tenured generation   total 10944K, used 8658K [0x2c560000, 0x2d010000, 0x37010000)
   the space 10944K,  79% used [0x2c560000, 0x2cdd49b8, 0x2cdd4a00, 0x2d010000)
 compacting perm gen  total 12288K, used 3439K [0x37010000, 0x37c10000, 0x3b010000)
   the space 12288K,  27% used [0x37010000, 0x3736be68, 0x3736c000, 0x37c10000)
    ro space 10240K,  45% used [0x3b010000, 0x3b496fa8, 0x3b497000, 0x3ba10000)
    rw space 12288K,  54% used [0x3ba10000, 0x3c09a9a0, 0x3c09aa00, 0x3c610000)
}
Event: 13.402 GC heap before
{Heap before GC invocations=5 (full 0):
 def new generation   total 4928K, used 4928K [0x27010000, 0x27560000, 0x2c560000)
  eden space 4416K, 100% used [0x27010000, 0x27460000, 0x27460000)
  from space 512K, 100% used [0x274e0000, 0x27560000, 0x27560000)
  to   space 512K,   0% used [0x27460000, 0x27460000, 0x274e0000)
 tenured generation   total 10944K, used 8658K [0x2c560000, 0x2d010000, 0x37010000)
   the space 10944K,  79% used [0x2c560000, 0x2cdd49b8, 0x2cdd4a00, 0x2d010000)
 compacting perm gen  total 12288K, used 3483K [0x37010000, 0x37c10000, 0x3b010000)
   the space 12288K,  28% used [0x37010000, 0x37376f08, 0x37377000, 0x37c10000)
    ro space 10240K,  45% used [0x3b010000, 0x3b496fa8, 0x3b497000, 0x3ba10000)
    rw space 12288K,  54% used [0x3ba10000, 0x3c09a9a0, 0x3c09aa00, 0x3c610000)
Event: 13.405 GC heap after
Heap after GC invocations=6 (full 0):
 def new generation   total 4928K, used 325K [0x27010000, 0x27560000, 0x2c560000)
  eden space 4416K,   0% used [0x27010000, 0x27010000, 0x27460000)
  from space 512K,  63% used [0x27460000, 0x274b1570, 0x274e0000)
  to   space 512K,   0% used [0x274e0000, 0x274e0000, 0x27560000)
 tenured generation   total 10944K, used 10203K [0x2c560000, 0x2d010000, 0x37010000)
   the space 10944K,  93% used [0x2c560000, 0x2cf56dd8, 0x2cf56e00, 0x2d010000)
 compacting perm gen  total 12288K, used 3483K [0x37010000, 0x37c10000, 0x3b010000)
   the space 12288K,  28% used [0x37010000, 0x37376f08, 0x37377000, 0x37c10000)
    ro space 10240K,  45% used [0x3b010000, 0x3b496fa8, 0x3b497000, 0x3ba10000)
    rw space 12288K,  54% used [0x3ba10000, 0x3c09a9a0, 0x3c09aa00, 0x3c610000)
}
Event: 14.308 GC heap before
{Heap before GC invocations=6 (full 0):
 def new generation   total 4928K, used 4411K [0x27010000, 0x27560000, 0x2c560000)
  eden space 4416K,  92% used [0x27010000, 0x2740d880, 0x27460000)
  from space 512K,  63% used [0x27460000, 0x274b1570, 0x274e0000)
  to   space 512K,   0% used [0x274e0000, 0x274e0000, 0x27560000)
 tenured generation   total 10944K, used 10203K [0x2c560000, 0x2d010000, 0x37010000)
   the space 10944K,  93% used [0x2c560000, 0x2cf56dd8, 0x2cf56e00, 0x2d010000)
 compacting perm gen  total 12288K, used 3489K [0x37010000, 0x37c10000, 0x3b010000)
   the space 12288K,  28% used [0x37010000, 0x373784f0, 0x37378600, 0x37c10000)
    ro space 10240K,  45% used [0x3b010000, 0x3b496fa8, 0x3b497000, 0x3ba10000)
    rw space 12288K,  54% used [0x3ba10000, 0x3c09a9a0, 0x3c09aa00, 0x3c610000)
Event: 14.346 GC heap after
Heap after GC invocations=7 (full 1):
 def new generation   total 8832K, used 0K [0x27010000, 0x279a0000, 0x2c560000)
  eden space 7872K,   0% used [0x27010000, 0x27010000, 0x277c0000)
  from space 960K,   0% used [0x277c0000, 0x277c0000, 0x278b0000)
  to   space 960K,   0% used [0x278b0000, 0x278b0000, 0x279a0000)
 tenured generation   total 19416K, used 11647K [0x2c560000, 0x2d856000, 0x37010000)
   the space 19416K,  59% used [0x2c560000, 0x2d0bfcf8, 0x2d0bfe00, 0x2d856000)
 compacting perm gen  total 12288K, used 3489K [0x37010000, 0x37c10000, 0x3b010000)
   the space 12288K,  28% used [0x37010000, 0x373784f0, 0x37378600, 0x37c10000)
    ro space 10240K,  45% used [0x3b010000, 0x3b496fa8, 0x3b497000, 0x3ba10000)
    rw space 12288K,  54% used [0x3ba10000, 0x3c09a9a0, 0x3c09aa00, 0x3c610000)
}
Event: 14.577 GC heap before
{Heap before GC invocations=7 (full 1):
 def new generation   total 8832K, used 7872K [0x27010000, 0x279a0000, 0x2c560000)
  eden space 7872K, 100% used [0x27010000, 0x277c0000, 0x277c0000)
  from space 960K,   0% used [0x277c0000, 0x277c0000, 0x278b0000)
  to   space 960K,   0% used [0x278b0000, 0x278b0000, 0x279a0000)
 tenured generation   total 19416K, used 11647K [0x2c560000, 0x2d856000, 0x37010000)
   the space 19416K,  59% used [0x2c560000, 0x2d0bfcf8, 0x2d0bfe00, 0x2d856000)
 compacting perm gen  total 12288K, used 3489K [0x37010000, 0x37c10000, 0x3b010000)
   the space 12288K,  28% used [0x37010000, 0x37378670, 0x37378800, 0x37c10000)
    ro space 10240K,  45% used [0x3b010000, 0x3b496fa8, 0x3b497000, 0x3ba10000)
    rw space 12288K,  54% used [0x3ba10000, 0x3c09a9a0, 0x3c09aa00, 0x3c610000)
Event: 14.580 GC heap after
Heap after GC invocations=8 (full 1):
 def new generation   total 8832K, used 600K [0x27010000, 0x279a0000, 0x2c560000)
  eden space 7872K,   0% used [0x27010000, 0x27010000, 0x277c0000)
  from space 960K,  62% used [0x278b0000, 0x27946258, 0x279a0000)
  to   space 960K,   0% used [0x277c0000, 0x277c0000, 0x278b0000)
 tenured generation   total 19416K, used 18847K [0x2c560000, 0x2d856000, 0x37010000)
   the space 19416K,  97% used [0x2c560000, 0x2d7c7d88, 0x2d7c7e00, 0x2d856000)
 compacting perm gen  total 12288K, used 3489K [0x37010000, 0x37c10000, 0x3b010000)
   the space 12288K,  28% used [0x37010000, 0x37378670, 0x37378800, 0x37c10000)
    ro space 10240K,  45% used [0x3b010000, 0x3b496fa8, 0x3b497000, 0x3ba10000)
    rw space 12288K,  54% used [0x3ba10000, 0x3c09a9a0, 0x3c09aa00, 0x3c610000)
}

