# JRE version: 7.0_13-b20
# Java VM: Java HotSpot(TM) Client VM (23.7-b01 mixed mode, sharing windows-x86 )
Heap
 def new generation   total 7872K, used 4909K [0x27010000, 0x27890000, 0x2c560000)
  eden space 7040K,  61% used [0x27010000, 0x274454a8, 0x276f0000)
  from space 832K,  72% used [0x277c0000, 0x27856218, 0x27890000)
  to   space 832K,   0% used [0x276f0000, 0x276f0000, 0x277c0000)
 tenured generation   total 17196K, used 16315K [0x2c560000, 0x2d62b000, 0x37010000)
   the space 17196K,  94% used [0x2c560000, 0x2d54ef28, 0x2d54f000, 0x2d62b000)
 compacting perm gen  total 12288K, used 3645K [0x37010000, 0x37c10000, 0x3b010000)
   the space 12288K,  29% used [0x37010000, 0x3739f6d8, 0x3739f800, 0x37c10000)
    ro space 10240K,  45% used [0x3b010000, 0x3b496fa8, 0x3b497000, 0x3ba10000)
    rw space 12288K,  54% used [0x3ba10000, 0x3c09a9a0, 0x3c09aa00, 0x3c610000)
GC Heap History (10 events):
Event: 1.560 GC heap before
{Heap before GC invocations=2 (full 0):
 def new generation   total 4928K, used 4792K [0x27010000, 0x27560000, 0x2c560000)
  eden space 4416K, 100% used [0x27010000, 0x27460000, 0x27460000)
  from space 512K,  73% used [0x27460000, 0x274be088, 0x274e0000)
  to   space 512K,   0% used [0x274e0000, 0x274e0000, 0x27560000)
 tenured generation   total 10944K, used 2625K [0x2c560000, 0x2d010000, 0x37010000)
   the space 10944K,  23% used [0x2c560000, 0x2c7f04c8, 0x2c7f0600, 0x2d010000)
 compacting perm gen  total 12288K, used 2412K [0x37010000, 0x37c10000, 0x3b010000)
   the space 12288K,  19% used [0x37010000, 0x3726b0d8, 0x3726b200, 0x37c10000)
    ro space 10240K,  45% used [0x3b010000, 0x3b496fa8, 0x3b497000, 0x3ba10000)
    rw space 12288K,  54% used [0x3ba10000, 0x3c09a9a0, 0x3c09aa00, 0x3c610000)
Event: 1.564 GC heap after
Heap after GC invocations=3 (full 0):
 def new generation   total 4928K, used 31K [0x27010000, 0x27560000, 0x2c560000)
  eden space 4416K,   0% used [0x27010000, 0x27010000, 0x27460000)
  from space 512K,   6% used [0x274e0000, 0x274e7d28, 0x27560000)
  to   space 512K,   0% used [0x27460000, 0x27460000, 0x274e0000)
 tenured generation   total 10944K, used 6761K [0x2c560000, 0x2d010000, 0x37010000)
   the space 10944K,  61% used [0x2c560000, 0x2cbfa7c0, 0x2cbfa800, 0x2d010000)
 compacting perm gen  total 12288K, used 2412K [0x37010000, 0x37c10000, 0x3b010000)
   the space 12288K,  19% used [0x37010000, 0x3726b0d8, 0x3726b200, 0x37c10000)
    ro space 10240K,  45% used [0x3b010000, 0x3b496fa8, 0x3b497000, 0x3ba10000)
    rw space 12288K,  54% used [0x3ba10000, 0x3c09a9a0, 0x3c09aa00, 0x3c610000)
}
Event: 4.665 GC heap before
{Heap before GC invocations=3 (full 0):
 def new generation   total 4928K, used 4447K [0x27010000, 0x27560000, 0x2c560000)
  eden space 4416K, 100% used [0x27010000, 0x27460000, 0x27460000)
  from space 512K,   6% used [0x274e0000, 0x274e7d28, 0x27560000)
  to   space 512K,   0% used [0x27460000, 0x27460000, 0x274e0000)
 tenured generation   total 10944K, used 6761K [0x2c560000, 0x2d010000, 0x37010000)
   the space 10944K,  61% used [0x2c560000, 0x2cbfa7c0, 0x2cbfa800, 0x2d010000)
 compacting perm gen  total 12288K, used 3069K [0x37010000, 0x37c10000, 0x3b010000)
   the space 12288K,  24% used [0x37010000, 0x3730f550, 0x3730f600, 0x37c10000)
    ro space 10240K,  45% used [0x3b010000, 0x3b496fa8, 0x3b497000, 0x3ba10000)
    rw space 12288K,  54% used [0x3ba10000, 0x3c09a9a0, 0x3c09aa00, 0x3c610000)
Event: 4.674 GC heap after
Heap after GC invocations=4 (full 0):
 def new generation   total 4928K, used 512K [0x27010000, 0x27560000, 0x2c560000)
  eden space 4416K,   0% used [0x27010000, 0x27010000, 0x27460000)
  from space 512K, 100% used [0x27460000, 0x274e0000, 0x274e0000)
  to   space 512K,   0% used [0x274e0000, 0x274e0000, 0x27560000)
 tenured generation   total 10944K, used 7769K [0x2c560000, 0x2d010000, 0x37010000)
   the space 10944K,  70% used [0x2c560000, 0x2ccf6538, 0x2ccf6600, 0x2d010000)
 compacting perm gen  total 12288K, used 3069K [0x37010000, 0x37c10000, 0x3b010000)
   the space 12288K,  24% used [0x37010000, 0x3730f550, 0x3730f600, 0x37c10000)
    ro space 10240K,  45% used [0x3b010000, 0x3b496fa8, 0x3b497000, 0x3ba10000)
    rw space 12288K,  54% used [0x3ba10000, 0x3c09a9a0, 0x3c09aa00, 0x3c610000)
}
Event: 6.083 GC heap before
{Heap before GC invocations=4 (full 0):
 def new generation   total 4928K, used 4928K [0x27010000, 0x27560000, 0x2c560000)
  eden space 4416K, 100% used [0x27010000, 0x27460000, 0x27460000)
  from space 512K, 100% used [0x27460000, 0x274e0000, 0x274e0000)
  to   space 512K,   0% used [0x274e0000, 0x274e0000, 0x27560000)
 tenured generation   total 10944K, used 7769K [0x2c560000, 0x2d010000, 0x37010000)
   the space 10944K,  70% used [0x2c560000, 0x2ccf6538, 0x2ccf6600, 0x2d010000)
 compacting perm gen  total 12288K, used 3633K [0x37010000, 0x37c10000, 0x3b010000)
   the space 12288K,  29% used [0x37010000, 0x3739c7a8, 0x3739c800, 0x37c10000)
    ro space 10240K,  45% used [0x3b010000, 0x3b496fa8, 0x3b497000, 0x3ba10000)
    rw space 12288K,  54% used [0x3ba10000, 0x3c09a9a0, 0x3c09aa00, 0x3c610000)
Event: 6.092 GC heap after
Heap after GC invocations=5 (full 0):
 def new generation   total 4928K, used 512K [0x27010000, 0x27560000, 0x2c560000)
  eden space 4416K,   0% used [0x27010000, 0x27010000, 0x27460000)
  from space 512K, 100% used [0x274e0000, 0x27560000, 0x27560000)
  to   space 512K,   0% used [0x27460000, 0x27460000, 0x274e0000)
 tenured generation   total 10944K, used 8850K [0x2c560000, 0x2d010000, 0x37010000)
   the space 10944K,  80% used [0x2c560000, 0x2ce04a48, 0x2ce04c00, 0x2d010000)
 compacting perm gen  total 12288K, used 3633K [0x37010000, 0x37c10000, 0x3b010000)
   the space 12288K,  29% used [0x37010000, 0x3739c7a8, 0x3739c800, 0x37c10000)
    ro space 10240K,  45% used [0x3b010000, 0x3b496fa8, 0x3b497000, 0x3ba10000)
    rw space 12288K,  54% used [0x3ba10000, 0x3c09a9a0, 0x3c09aa00, 0x3c610000)
}
Event: 10.329 GC heap before
{Heap before GC invocations=5 (full 0):
 def new generation   total 4928K, used 4513K [0x27010000, 0x27560000, 0x2c560000)
  eden space 4416K,  90% used [0x27010000, 0x273f8490, 0x27460000)
  from space 512K, 100% used [0x274e0000, 0x27560000, 0x27560000)
  to   space 512K,   0% used [0x27460000, 0x27460000, 0x274e0000)
 tenured generation   total 10944K, used 8850K [0x2c560000, 0x2d010000, 0x37010000)
   the space 10944K,  80% used [0x2c560000, 0x2ce04a48, 0x2ce04c00, 0x2d010000)
 compacting perm gen  total 12288K, used 3642K [0x37010000, 0x37c10000, 0x3b010000)
   the space 12288K,  29% used [0x37010000, 0x3739ebe0, 0x3739ec00, 0x37c10000)
    ro space 10240K,  45% used [0x3b010000, 0x3b496fa8, 0x3b497000, 0x3ba10000)
    rw space 12288K,  54% used [0x3ba10000, 0x3c09a9a0, 0x3c09aa00, 0x3c610000)
Event: 10.363 GC heap after
Heap after GC invocations=6 (full 1):
 def new generation   total 7872K, used 0K [0x27010000, 0x27890000, 0x2c560000)
  eden space 7040K,   0% used [0x27010000, 0x27010000, 0x276f0000)
  from space 832K,   0% used [0x276f0000, 0x276f0000, 0x277c0000)
  to   space 832K,   0% used [0x277c0000, 0x277c0000, 0x27890000)
 tenured generation   total 17196K, used 10315K [0x2c560000, 0x2d62b000, 0x37010000)
   the space 17196K,  59% used [0x2c560000, 0x2cf72ec8, 0x2cf73000, 0x2d62b000)
 compacting perm gen  total 12288K, used 3642K [0x37010000, 0x37c10000, 0x3b010000)
   the space 12288K,  29% used [0x37010000, 0x3739ebe0, 0x3739ec00, 0x37c10000)
    ro space 10240K,  45% used [0x3b010000, 0x3b496fa8, 0x3b497000, 0x3ba10000)
    rw space 12288K,  54% used [0x3ba10000, 0x3c09a9a0, 0x3c09aa00, 0x3c610000)
}
Event: 10.435 GC heap before
{Heap before GC invocations=6 (full 1):
 def new generation   total 7872K, used 6704K [0x27010000, 0x27890000, 0x2c560000)
  eden space 7040K,  95% used [0x27010000, 0x2769c0d0, 0x276f0000)
  from space 832K,   0% used [0x276f0000, 0x276f0000, 0x277c0000)
  to   space 832K,   0% used [0x277c0000, 0x277c0000, 0x27890000)
 tenured generation   total 17196K, used 10315K [0x2c560000, 0x2d62b000, 0x37010000)
   the space 17196K,  59% used [0x2c560000, 0x2cf72ec8, 0x2cf73000, 0x2d62b000)
 compacting perm gen  total 12288K, used 3642K [0x37010000, 0x37c10000, 0x3b010000)
   the space 12288K,  29% used [0x37010000, 0x3739ebe0, 0x3739ec00, 0x37c10000)
    ro space 10240K,  45% used [0x3b010000, 0x3b496fa8, 0x3b497000, 0x3ba10000)
    rw space 12288K,  54% used [0x3ba10000, 0x3c09a9a0, 0x3c09aa00, 0x3c610000)
Event: 10.441 GC heap after
Heap after GC invocations=7 (full 1):
 def new generation   total 7872K, used 600K [0x27010000, 0x27890000, 0x2c560000)
  eden space 7040K,   0% used [0x27010000, 0x27010000, 0x276f0000)
  from space 832K,  72% used [0x277c0000, 0x27856218, 0x27890000)
  to   space 832K,   0% used [0x276f0000, 0x276f0000, 0x277c0000)
 tenured generation   total 17196K, used 16315K [0x2c560000, 0x2d62b000, 0x37010000)
   the space 17196K,  94% used [0x2c560000, 0x2d54ef28, 0x2d54f000, 0x2d62b000)
 compacting perm gen  total 12288K, used 3642K [0x37010000, 0x37c10000, 0x3b010000)
   the space 12288K,  29% used [0x37010000, 0x3739ebe0, 0x3739ec00, 0x37c10000)
    ro space 10240K,  45% used [0x3b010000, 0x3b496fa8, 0x3b497000, 0x3ba10000)
    rw space 12288K,  54% used [0x3ba10000, 0x3c09a9a0, 0x3c09aa00, 0x3c610000)
}

